This is pdfTeX, Version 3.14159265-2.6-1.40.20 (TeX Live 2019/Debian) (preloaded format=pdflatex 2024.4.6)  14 APR 2024 22:49
entering extended mode
 restricted \write18 enabled.
 %&-line parsing enabled.
**reference.tex
(./reference.tex
LaTeX2e <2020-02-02> patch level 2
L3 programming layer <2020-02-14>
(/usr/share/texlive/texmf-dist/tex/latex/base/latex209.def
File: latex209.def 2018/08/11 v0.54 Standard LaTeX file


          Entering LaTeX 2.09 COMPATIBILITY MODE
 *************************************************************
    !!WARNING!!    !!WARNING!!    !!WARNING!!    !!WARNING!!   
 
 This mode attempts to provide an emulation of the LaTeX 2.09
 author environment so that OLD documents can be successfully
 processed. It should NOT be used for NEW documents!
 
 New documents should use Standard LaTeX conventions and start
 with the \documentclass command.
 
 Compatibility mode is UNLIKELY TO WORK with LaTeX 2.09 style
 files that change any internal macros, especially not with
 those that change the FONT SELECTION or OUTPUT ROUTINES.
 
 Therefore such style files MUST BE UPDATED to use
          Current Standard LaTeX: LaTeX2e.
 If you suspect that you may be using such a style file, which
 is probably very, very old by now, then you should attempt to
 get it updated by sending a copy of this error message to the
 author of that file.
 *************************************************************

\footheight=\dimen134
\@maxsep=\dimen135
\@dblmaxsep=\dimen136
\@cla=\count167
\@clb=\count168
\mscount=\count169
(/usr/share/texlive/texmf-dist/tex/latex/base/tracefnt.sty
Package: tracefnt 2019/10/11 v3.0l Standard LaTeX package (font tracing)
\tracingfonts=\count170
LaTeX Info: Redefining \selectfont on input line 106.
)
\symbold=\mathgroup4
\symsans=\mathgroup5
\symtypewriter=\mathgroup6
\symitalic=\mathgroup7
\symsmallcaps=\mathgroup8
\symslanted=\mathgroup9
LaTeX Font Info:    Redeclaring math alphabet \mathbf on input line 269.
LaTeX Font Info:    Redeclaring math alphabet \mathsf on input line 270.
LaTeX Font Info:    Redeclaring math alphabet \mathtt on input line 271.
LaTeX Font Info:    Redeclaring math alphabet \mathit on input line 277.
LaTeX Info: Redefining \em on input line 287.

(/usr/share/texlive/texmf-dist/tex/latex/base/latexsym.sty
Package: latexsym 1998/08/17 v2.2e Standard LaTeX package (lasy symbols)
\symlasy=\mathgroup10
LaTeX Font Info:    Overwriting symbol font `lasy' in version `bold'
(Font)                  U/lasy/m/n --> U/lasy/b/n on input line 52.
)
LaTeX Font Info:    Redeclaring math delimiter \lgroup on input line 333.
LaTeX Font Info:    Redeclaring math delimiter \rgroup on input line 335.
LaTeX Font Info:    Redeclaring math delimiter \bracevert on input line 337.
)
(/usr/share/texlive/texmf-dist/tex/latex/base/book.cls
Document Class: book 2019/12/20 v1.4l Standard LaTeX document class
(/usr/share/texlive/texmf-dist/tex/latex/base/fleqn.clo
File: fleqn.clo 2016/12/29 v1.2b Standard LaTeX option (flush left equations)
\mathindent=\dimen137
Applying: [2015/01/01] Make \[ robust on input line 50.
LaTeX Info: Redefining \[ on input line 51.
Already applied: [0000/00/00] Make \[ robust on input line 62.
Applying: [2015/01/01] Make \] robust on input line 74.
LaTeX Info: Redefining \] on input line 75.
Already applied: [0000/00/00] Make \] robust on input line 83.
)
(/usr/share/texlive/texmf-dist/tex/latex/base/bk12.clo
File: bk12.clo 2019/12/20 v1.4l Standard LaTeX file (size option)
)
\c@part=\count171
\c@chapter=\count172
\c@section=\count173
\c@subsection=\count174
\c@subsubsection=\count175
\c@paragraph=\count176
\c@subparagraph=\count177
\c@figure=\count178
\c@table=\count179
\abovecaptionskip=\skip47
\belowcaptionskip=\skip48
Compatibility mode: definition of \rm ignored.
Compatibility mode: definition of \sf ignored.
Compatibility mode: definition of \tt ignored.
Compatibility mode: definition of \bf ignored.
Compatibility mode: definition of \it ignored.
Compatibility mode: definition of \sl ignored.
Compatibility mode: definition of \sc ignored.
LaTeX Info: Redefining \cal on input line 583.
LaTeX Info: Redefining \mit on input line 584.
\bibindent=\dimen138
) (./alltt.sty)
(/usr/share/texlive/texmf-dist/tex/latex/tools/rawfonts.sty
Package: rawfonts 1994/05/08 Low-level LaTeX 2.09 font compatibility

(/usr/share/texlive/texmf-dist/tex/latex/tools/somedefs.sty
Package: somedefs 1994/06/01 v0.03 Toolkit for optional definitions
)
LaTeX Font Info:    Trying to load font information for U+lasy on input line 49
.

(/usr/share/texlive/texmf-dist/tex/latex/base/ulasy.fd
File: ulasy.fd 1998/08/17 v2.2e LaTeX symbol font definitions
)) (./layout.sty
\@myenumdepth=\count180
\c@myenumi=\count181
)
(/usr/share/texlive/texmf-dist/tex/latex/url/url.sty
\Urlmuskip=\muskip16
Package: url 2013/09/16  ver 3.4  Verb mode for urls, etc.
) (./commands.tex
\minipagewidth=\skip49
\hsbw=\skip50
\c@sessioncount=\count182
)
(./ref-macros.tex)
\@indexfile=\write3
\openout3 = `reference.idx'.


Writing index file reference.idx 
(/usr/share/texlive/texmf-dist/tex/latex/l3backend/l3backend-pdfmode.def
File: l3backend-pdfmode.def 2020-02-03 L3 backend support: PDF mode
\l__kernel_color_stack_int=\count183
\l__pdf_internal_box=\box45
)
(./reference.aux (./title.aux) (./preface.aux) (./ack.aux) (./entries-intro.aux
) (./entries.aux) (./theorems-intro.aux) (./theorems.aux) (./index.aux))
\openout1 = `reference.aux'.

LaTeX Font Info:    Checking defaults for OML/cmm/m/it on input line 21.
LaTeX Font Info:    ... okay on input line 21.
LaTeX Font Info:    Checking defaults for OMS/cmsy/m/n on input line 21.
LaTeX Font Info:    ... okay on input line 21.
LaTeX Font Info:    Checking defaults for OT1/cmr/m/n on input line 21.
LaTeX Font Info:    ... okay on input line 21.
LaTeX Font Info:    Checking defaults for T1/cmr/m/n on input line 21.
LaTeX Font Info:    ... okay on input line 21.
LaTeX Font Info:    Checking defaults for TS1/cmr/m/n on input line 21.
LaTeX Font Info:    ... okay on input line 21.
LaTeX Font Info:    Checking defaults for OMX/cmex/m/n on input line 21.
LaTeX Font Info:    ... okay on input line 21.
LaTeX Font Info:    Checking defaults for U/cmr/m/n on input line 21.
LaTeX Font Info:    ... okay on input line 21.
\openout2 = `title.aux'.


(./title.tex (./cover_info.tex

     The title page being created is a LaTeX approximation of a fancy
     PostScript cover page. All the fancy cover pages for the HOL
     Manual may be generated if you have (1) a PostScript printer,
     (2) the "psfig" TeX macros, and (3) a DVI to PostScript converter
     that understands these macros. The cover pages may be found in
     ../LaTeX/Covers, and shoud be made pursuant to the instructions
     given in ../LaTeX/Covers/READ-ME.

)
LaTeX Font Info:    Font shape `OT1/cmtt/bx/n' in size <12> not available
(Font)              Font shape `OT1/cmtt/m/n' tried instead on input line 5.
LaTeX Font Info:    External font `cmex10' loaded for size
(Font)              <12> on input line 5.
LaTeX Font Info:    External font `cmex10' loaded for size
(Font)              <8> on input line 5.
LaTeX Font Info:    External font `cmex10' loaded for size
(Font)              <6> on input line 5.

Overfull \hbox (26.93329pt too wide) in paragraph at lines 19--22
 [] 
 []

[1



{/var/lib/texmf/fonts/map/pdftex/updmap/pdftex.map}] [2])
\openout2 = `preface.aux'.

 (./preface.tex)
[3



]
\openout2 = `ack.aux'.

 (./ack.tex [4



]) [5] [6


] (./reference.toc)
\tf@toc=\write4
\openout4 = `reference.toc'.

 [7] [8

]
\openout2 = `entries-intro.aux'.

 (./entries-intro.tex
Chapter 1.
) [1


]
\openout2 = `entries.aux'.

 (./entries.tex
Typesetting: ++
Typesetting: |||
[2


]
Typesetting: >>
Typesetting: |=>
[3]
Typesetting: --
Typesetting: |->
[4]
Typesetting: a
[5]
Typesetting: ABBREV{_}TAC
[6]
Typesetting: ABS
[7]
Typesetting: ABS{_}CONV
Typesetting: ABS{_}TAC
[8]
Typesetting: AC
[9]
Typesetting: ACCEPT{_}TAC
[10]
Typesetting: aconv
[11]
Typesetting: ADD{_}ASSUM
Typesetting: allpairs
[12]
Overfull \hbox (235.70963pt too wide) in paragraph at lines 548--551
\OT1/cmr/m/n/12 The call []\OT1/cmtt/m/n/10.95 allpairs f [x1;...;xm] [y1;...;y
n] \OT1/cmr/m/n/12 re-turns the list of re-sults []\OT1/cmtt/m/n/10.95 [f x1 y1
; f x1 y2; ... ; f x1 yn; f x2 y1; ...; f xm yn]\OT1/cmr/m/n/12 . 
 []

Typesetting: ALL{_}CONV
[13]
Typesetting: ALL{_}TAC
[14]
Typesetting: ALL{_}THEN
Typesetting: alpha
[15]
Typesetting: alphaorder
Typesetting: ALPHA{_}CONV
[16]
Typesetting: ALPHA
[17]
Typesetting: ANTE{_}RES{_}THEN
[18]
Typesetting: ANTS{_}TAC
[19]
Typesetting: apply
[20]
Typesetting: applyd
Typesetting: apply{_}prover
[21]
Typesetting: AP{_}TERM
[22]
Typesetting: AP{_}TERM{_}TAC
Typesetting: AP{_}THM
[23]
Typesetting: AP{_}THM{_}TAC
[24]
Typesetting: ARITH{_}RULE
[25]
Typesetting: ARITH{_}TAC
[26]
Typesetting: ASM

Overfull \hbox (125.37338pt too wide) in paragraph at lines 1206--1206
[]\OT1/cmtt/m/n/10.95 The inbuilt {\small\verb%ASM_REWRITE_TAC%} is in fact def
ined as just {\small\verb%ASM REWRITE_TAC%}.[] 
 []

Typesetting: ASM{_}ARITH{_}TAC
[27]
Typesetting: ASM{_}CASES{_}TAC
[28]
Typesetting: ASM{_}FOL{_}TAC
[29]
Typesetting: ASM{_}INT{_}ARITH{_}TAC
[30]
Typesetting: ASM{_}MESON{_}TAC
[31]
Typesetting: ASM{_}METIS{_}TAC
Typesetting: ASM{_}REAL{_}ARITH{_}TAC
[32]
Typesetting: ASM{_}REWRITE{_}RULE
[33]
Typesetting: ASM{_}REWRITE{_}TAC
[34]
Typesetting: ASM{_}SIMP{_}TAC

Overfull \hbox (6.38864pt too wide) in paragraph at lines 1585--1592
\OT1/cmr/m/n/12 A call to []\OT1/cmtt/m/n/10.95 ASM_SIMP_TAC[theorems] \OT1/cmr
/m/n/12 will ap-ply con-di-tional con-tex-tual rewrit-ing with []\OT1/cmtt/m/n/
10.95 theorems
 []

[35]
Typesetting: assoc
Typesetting: assocd
[36]
Typesetting: ASSOC{_}CONV
[37]
Typesetting: ASSUME
Typesetting: ASSUME{_}TAC
[38] [39]
Typesetting: ASSUM{_}LIST
[40]
Typesetting: atleast
[41]
Typesetting: atoms
Typesetting: aty
[42]
Typesetting: augment
[43]
Typesetting: AUGMENT{_}SIMPSET

Overfull \hbox (8.96202pt too wide) in paragraph at lines 1969--1975
\OT1/cmr/m/n/12 In their max-i-mal gen-er-al-ity, sim-pli-fi-ca-tion op-er-a-ti
ons in HOL Light (as in-voked by []\OT1/cmtt/m/n/10.95 SIMP_TAC\OT1/cmr/m/n/12 
)
 []

Typesetting: axioms
[44]
Typesetting: b
[45]
Typesetting: basic{_}congs

Overfull \hbox (4.65094pt too wide) in paragraph at lines 2099--2099
[]     \OT1/cmtt/m/n/10.95 |- (!x. p x ==> f x = g x) ==> nsum {y | p y} (\i. f
 i) = nsum {y | p y} g;[] 
 []

Typesetting: basic{_}convs
[46]
Typesetting: basic{_}net
[47]
Typesetting: basic{_}prover
[48]
Typesetting: basic{_}rectype{_}net
Typesetting: basic{_}rewrites
[49]
Typesetting: basic{_}ss
[50]
Overfull \hbox (8.96202pt too wide) in paragraph at lines 2268--2274
\OT1/cmr/m/n/12 In their max-i-mal gen-er-al-ity, sim-pli-fi-ca-tion op-er-a-ti
ons in HOL Light (as in-voked by []\OT1/cmtt/m/n/10.95 SIMP_TAC\OT1/cmr/m/n/12 
)
 []

Typesetting: BETA
[51]
Typesetting: BETAS{_}CONV

Overfull \hbox (11.26498pt too wide) in paragraph at lines 2335--2338
\OT1/cmr/m/n/12 Given a term []\OT1/cmtt/m/n/10.95 t \OT1/cmr/m/n/12 of the for
m []\OT1/cmtt/m/n/10.95 `(\x1 ... xn. t[x1,...,xn]) s1 ... sn`\OT1/cmr/m/n/12 ,
 the call []\OT1/cmtt/m/n/10.95 BETAS_CONV t
 []

Typesetting: BETA{_}CONV
[52]
Typesetting: BETA{_}RULE
[53]
Typesetting: BETA{_}TAC
[54]
Overfull \hbox (2.36832pt too wide) in paragraph at lines 2461--2465
\OT1/cmr/m/n/12 Beta-reduction, and in-deed, gen-er-al-ized beta re-duc-tion ([
]\OT1/cmtt/m/n/10.95 GEN_BETA_CONV\OT1/cmr/m/n/12 ) are al-ready among
 []

Typesetting: binders
[55]
Typesetting: BINDER{_}CONV
Typesetting: BINOP2{_}CONV
[56]
Overfull \hbox (1.88876pt too wide) in paragraph at lines 2538--2544
\OT1/cmr/m/n/12 re-turns []\OT1/cmtt/m/n/10.95 |- r = r'\OT1/cmr/m/n/12 , then 
[]\OT1/cmtt/m/n/10.95 BINOP2_CONV c1 c2 `op l r` \OT1/cmr/m/n/12 re-turns []\OT
1/cmtt/m/n/10.95 |- op l r = op l' r'\OT1/cmr/m/n/12 . The
 []

Typesetting: binops
Typesetting: BINOP{_}CONV
[57]
Typesetting: BINOP{_}TAC
[58]
Overfull \hbox (17.38217pt too wide) in paragraph at lines 2672--2674
\OT1/cmr/m/n/12 the first of which can be solved by []\OT1/cmtt/m/n/10.95 ARITH
_TAC\OT1/cmr/m/n/12 , and the sec-ond by []\OT1/cmtt/m/n/10.95 AP_TERM_TAC THEN
 ARITH_TAC\OT1/cmr/m/n/12 . 
 []

Typesetting: BITS{_}ELIM{_}CONV
[59]
Typesetting: bndvar
Typesetting: body
[60]
Typesetting: BOOL{_}CASES{_}TAC
[61]
Typesetting: bool{_}ty
[62]
Typesetting: bty
Typesetting: butlast
[63]
Typesetting: by
Typesetting: C
Typesetting: CACHE{_}CONV
[64]
Typesetting: can
[65]
Typesetting: cases
Typesetting: CASE{_}REWRITE{_}TAC
[66]
Overfull \hbox (41.96022pt too wide) in paragraph at lines 3020--3029
\OT1/cmr/m/n/12 with an atom []\OT1/cmtt/m/n/10.95 A \OT1/cmr/m/n/12 con-tain-i
ng a sub-term match-ing []\OT1/cmtt/m/n/10.95 l\OT1/cmr/m/n/12 , turns the atom
 into []\OT1/cmtt/m/n/10.95 (P' ==> A') /\ (~P' ==> A)
 []

Missing character: There is no â in font cmtt10!
Missing character: There is no € in font cmtt10!
Missing character: There is no ˜ in font cmtt10!
Missing character: There is no â in font cmtt10!
Missing character: There is no € in font cmtt10!
Missing character: There is no ˜ in font cmtt10!
Missing character: There is no â in font cmtt10!
Missing character: There is no € in font cmtt10!
Missing character: There is no ˜ in font cmtt10!
Missing character: There is no â in font cmtt10!
Missing character: There is no € in font cmtt10!
Missing character: There is no ˜ in font cmtt10!
Missing character: There is no â in font cmtt10!
Missing character: There is no € in font cmtt10!
Missing character: There is no ˜ in font cmtt10!
Missing character: There is no â in font cmtt10!
Missing character: There is no € in font cmtt10!
Missing character: There is no ˜ in font cmtt10!

Underfull \vbox (badness 5077) has occurred while \output is active []

 [67]
Typesetting: CCONTR
[68]
Typesetting: CHANGED{_}CONV
Typesetting: CHANGED{_}TAC
[69]
Typesetting: CHAR{_}EQ{_}CONV
[70]
Typesetting: CHEAT{_}TAC
Typesetting: check
[71]
Typesetting: checkpoint
[72]
Typesetting: choose
[73]
Typesetting: CHOOSE{_}TAC
Typesetting: CHOOSE{_}THEN
[74] [75]
Typesetting: CHOOSE
[76]
Typesetting: chop{_}list
Typesetting: CLAIM{_}TAC
[77]
Typesetting: CNF{_}CONV

Underfull \vbox (badness 2384) has occurred while \output is active []

 [78]
Typesetting: COMB2{_}CONV
[79]
Typesetting: combine

Overfull \hbox (79.38388pt too wide) in paragraph at lines 3636--3637
[]\OT1/cmtt/m/n/10.95 combine : ('a -> 'a -> 'a) -> ('a -> bool) -> ('b, 'a) fu
nc -> ('b, 'a) func -> ('b, 'a) func 
 []

[80]
Typesetting: COMB{_}CONV
[81]
Typesetting: comment{_}token
[82]
Typesetting: compose{_}insts

Overfull \hbox (71.56642pt too wide) in paragraph at lines 3757--3763
\OT1/cmr/m/n/12 com-pos-ing them, with []\OT1/cmtt/m/n/10.95 i1 \OT1/cmr/m/n/12
 ap-plied first and then []\OT1/cmtt/m/n/10.95 i2\OT1/cmr/m/n/12 . For ex-am-pl
e, []\OT1/cmtt/m/n/10.95 instantiate (compose_insts i1 i2) t
 []

Typesetting: concl
[83]
Typesetting: CONDS{_}CELIM{_}CONV

Overfull \hbox (41.34268pt too wide) in paragraph at lines 3812--3820
\OT1/cmr/m/n/12 ``pulled out'' as far as pos-si-ble, e.g. from `[]\OT1/cmtt/m/n
/10.95 f (if p then x else y)\OT1/cmr/m/n/12 ' to `[]\OT1/cmtt/m/n/10.95 if p t
hen f(x) else f(y)\OT1/cmr/m/n/12 '
 []

[84]
Typesetting: CONDS{_}ELIM{_}CONV

Overfull \hbox (1.52365pt too wide) in paragraph at lines 3858--3866
\OT1/cmr/m/n/12 out'' as far as pos-si-ble, e.g. from `[]\OT1/cmtt/m/n/10.95 f 
(if p then x else y)\OT1/cmr/m/n/12 ' to `[]\OT1/cmtt/m/n/10.95 if p then f(x) 
else f(y)\OT1/cmr/m/n/12 '
 []

[85]
Typesetting: COND{_}CASES{_}TAC
[86] [87]
Typesetting: COND{_}ELIM{_}CONV

Overfull \hbox (4.65094pt too wide) in paragraph at lines 4008--4008
[]  \OT1/cmtt/m/n/10.95 # COND_ELIM_CONV `a + b >= (if a <= b then b else a) <=
> a >= &0 /\ b >= &0`;;[] 
 []

[88]
Typesetting: CONJ
Typesetting: CONJUNCT1
[89]
Typesetting: CONJUNCT2
Typesetting: conjuncts
[90]
Typesetting: CONJUNCTS{_}THEN
[91]
Overfull \hbox (33.06589pt too wide) in paragraph at lines 4166--4171
[]\OT1/cmtt/m/n/10.95 CONJUNCT1 \OT1/cmr/m/n/12 and []\OT1/cmtt/m/n/10.95 CONJU
NCT2 \OT1/cmr/m/n/12 of []\OT1/cmtt/m/n/10.95 t \OT1/cmr/m/n/12 re-spec-tively,
 and then re-turns a new tac-tic: []\OT1/cmtt/m/n/10.95 ttac t1 THEN ttac t2\OT
1/cmr/m/n/12 .
 []

Typesetting: CONJUNCTS{_}THEN2
[92]
Typesetting: CONJUNCTS
[93]
Typesetting: CONJ{_}ACI{_}RULE

Overfull \hbox (130.12863pt too wide) in paragraph at lines 4309--4314
\OT1/cmr/m/n/12 ing, as-so-ci-a-tion, and rep-e-ti-tions), will re-turn the cor
-re-spond-ing the-o-rem []\OT1/cmtt/m/n/10.95 |- t1 /\ ... /\ tn <=> u1 /\ ... 
/\ um\OT1/cmr/m/n/12 . 
 []

[94]
Typesetting: CONJ{_}CANON{_}CONV
Typesetting: CONJ{_}PAIR
[95]
Typesetting: CONJ{_}TAC
[96]
Typesetting: constants
Typesetting: CONTR
[97]
Typesetting: CONTRAPOS{_}CONV
Typesetting: CONTR{_}TAC
[98]
Overfull \hbox (3.54846pt too wide) in paragraph at lines 4528--4531
\OT1/cmr/m/n/12 One quite com-mon pat-tern is to use a con-tra-dic-tory hy-poth
-e-sis via []\OT1/cmtt/m/n/10.95 FIRST_ASSUM CONTR_TAC\OT1/cmr/m/n/12 . 
 []

Typesetting: CONV{_}RULE
[99]
Typesetting: CONV{_}TAC
[100]
Typesetting: metisverb
[101]
Typesetting: current{_}goalstack
Typesetting: curry
[102]
Typesetting: decreasing
Typesetting: DEDUCT{_}ANTISYM{_}RULE
[103] [104]
Typesetting: deep{_}alpha
Typesetting: define
[105]
Overfull \hbox (107.13818pt too wide) in paragraph at lines 4854--4861
\OT1/cmr/m/n/12 The func-tion []\OT1/cmtt/m/n/10.95 define \OT1/cmr/m/n/12 shou
ld be ap-plied to a con-junc-tion of `def-i-ni-tional' clauses []\OT1/cmtt/m/n/
10.95 `def_1[f] /\ ... /\ def_n[f]`
 []

[106]
Overfull \hbox (33.74951pt too wide) in paragraph at lines 4912--4926
\OT1/cmr/m/n/12 reg-u-lar prim-i-tive re-cur-sive def-i-ni-tions, the ex-plicit
 al-ter-na-tive []\OT1/cmtt/m/n/10.95 prove_recursive_functions_exist
 []

Typesetting: defined
[107]
Typesetting: define{_}quotient{_}type

Overfull \hbox (10.08047pt too wide) in paragraph at lines 4976--4984
\OT1/cmr/m/n/12 nary re-la-tion, de-fines a new ``quo-tient type'' []\OT1/cmtt/
m/n/10.95 :qty \OT1/cmr/m/n/12 and two new func-tions []\OT1/cmtt/m/n/10.95 abs
:(A->bool)->qty
 []


Overfull \hbox (165.90762pt too wide) in paragraph at lines 4976--4984
\OT1/cmr/m/n/12 and []\OT1/cmtt/m/n/10.95 rep:qty->(A->bool)\OT1/cmr/m/n/12 , a
nd re-turns the pair of the-o-rems []\OT1/cmtt/m/n/10.95 |- abs(rep a) = a \OT1
/cmr/m/n/12 and []\OT1/cmtt/m/n/10.95 |- (?x. r = R x) <=> rep(abs r) = r\OT1/c
mr/m/n/12 .
 []

[108]
Overfull \hbox (4.65094pt too wide) in paragraph at lines 4998--4998
[]     \OT1/cmtt/m/n/10.95 `multisame l1 l2 <=> !a:A. FILTER (\x. x = a) l1 = F
ILTER (\x. x = a) l2`;;[] 
 []

[109]
Typesetting: define{_}type
[110] [111]
Underfull \vbox (badness 10000) has occurred while \output is active []

 [112]
Typesetting: define{_}type{_}raw
[113]
Typesetting: definitions
Typesetting: delete{_}parser
[114]
Typesetting: delete{_}user{_}printer
Typesetting: denominator
[115]
Typesetting: DENUMERAL
[116]
Typesetting: DEPTH{_}BINOP{_}CONV
[117]
Typesetting: DEPTH{_}CONV
[118]
Typesetting: DEPTH{_}SQCONV
[119]
Typesetting: derive{_}nonschematic{_}inductive{_}relations

Overfull \hbox (121.83505pt too wide) in paragraph at lines 5496--5504
\OT1/cmr/m/n/12 Given a set of clauses as given to []\OT1/cmtt/m/n/10.95 new_in
ductive_definitions\OT1/cmr/m/n/12 , the call []\OT1/cmtt/m/n/10.95 derive_nons
chematic_inductive_relations
 []

[120]
Typesetting: derive{_}strong{_}induction

Underfull \vbox (badness 2903) has occurred while \output is active []

 [121]
[122]
Typesetting: DESTRUCT{_}TAC
[123]
Typesetting: dest{_}abs
[124]
Typesetting: dest{_}binary
Typesetting: dest{_}binder
[125]
Typesetting: dest{_}binop
[126]
Typesetting: dest{_}char
Typesetting: dest{_}comb
[127]
Typesetting: dest{_}cond
[128]
Typesetting: dest{_}conj
Typesetting: dest{_}cons
[129]
Typesetting: dest{_}const
Typesetting: dest{_}disj
[130]
Typesetting: dest{_}eq
Typesetting: dest{_}exists
[131]
Typesetting: dest{_}finty
Typesetting: dest{_}forall
[132]
Typesetting: dest{_}fun{_}ty
Typesetting: dest{_}gabs
[133]
Overfull \hbox (61.84375pt too wide) in paragraph at lines 6132--6137
\OT1/cmr/m/n/12 varstruct the ef-fect on []\OT1/cmtt/m/n/10.95 dest_pabs `\(v1.
.(..)..vn). t` \OT1/cmr/m/n/12 is to re-turn the pair []\OT1/cmtt/m/n/10.95 (`(
v1..(..)..vn)`,`t`)\OT1/cmr/m/n/12 .
 []

Typesetting: dest{_}iff
[134]
Typesetting: dest{_}imp
Typesetting: dest{_}intconst
[135]
Typesetting: dest{_}let

Overfull \hbox (102.13263pt too wide) in paragraph at lines 6259--6263
[]\OT1/cmtt/m/n/10.95 dest_let \OT1/cmr/m/n/12 is a term de-struc-tor for gen-e
ral let-expressions: []\OT1/cmtt/m/n/10.95 dest_let `let x1 = e1 and ... and xn
 = en in E`
 []

Typesetting: dest{_}list
[136]
Typesetting: dest{_}neg
Typesetting: dest{_}numeral
[137]
Typesetting: dest{_}pair
[138]
Typesetting: dest{_}realintconst
Typesetting: dest{_}select
[139]
Typesetting: dest{_}setenum
[140]
Typesetting: dest{_}small{_}numeral
[141]
Typesetting: dest{_}string
Typesetting: dest{_}thm
[142]
Typesetting: dest{_}type
Typesetting: dest{_}uexists
[143]
Typesetting: dest{_}var
[144]
Typesetting: dest{_}vartype
Typesetting: DIMINDEX{_}CONV
[145]
Typesetting: DIMINDEX{_}TAC
[146]
Typesetting: DISCH
Typesetting: DISCH{_}ALL
[147]
Typesetting: DISCH{_}TAC
[148]
Typesetting: DISCH{_}THEN
[149]
Typesetting: DISJ1
[150]
Typesetting: DISJ1{_}TAC
Typesetting: DISJ2
[151]
Typesetting: DISJ2{_}TAC
[152]
Typesetting: disjuncts

Underfull \vbox (badness 1107) has occurred while \output is active []

 [153]
Typesetting: DISJ{_}ACI{_}RULE

Overfull \hbox (108.32608pt too wide) in paragraph at lines 7059--7064
\OT1/cmr/m/n/12 as-so-ci-a-tion, and rep-e-ti-tions), will re-turn the cor-re-s
pond-ing the-o-rem []\OT1/cmtt/m/n/10.95 |- t1 \/ ... \/ tn <=> u1 \/ ... \/ um
\OT1/cmr/m/n/12 . 
 []

[154]
Typesetting: DISJ{_}CANON{_}CONV
Typesetting: DISJ{_}CASES
[155]
Typesetting: DISJ{_}CASES{_}TAC
[156]
Typesetting: DISJ{_}CASES{_}THEN
[157]
Underfull \vbox (badness 10000) has occurred while \output is active []

 [158]
Typesetting: DISJ{_}CASES{_}THEN2
[159] [160]
Typesetting: distinctness

Overfull \hbox (18.99573pt too wide) in paragraph at lines 7407--7414
\OT1/cmr/m/n/12 A call []\OT1/cmtt/m/n/10.95 distinctness "ty" \OT1/cmr/m/n/12 
where []\OT1/cmtt/m/n/10.95 "ty" \OT1/cmr/m/n/12 is the name of a re-cur-sive t
ype de-fined with []\OT1/cmtt/m/n/10.95 define_type\OT1/cmr/m/n/12 ,
 []


Overfull \hbox (24.68054pt too wide) in paragraph at lines 7407--7414
\OT1/cmr/m/n/12 struc-tors are al-ways dif-fer-ent. The ef-fect is ex-actly the
 same as if []\OT1/cmtt/m/n/10.95 prove_constructors_distinct
 []

Typesetting: distinctness{_}store
[161]
Typesetting: DNF{_}CONV
[162]
Typesetting: dom
[163]
Typesetting: do{_}list
Typesetting: dpty
[164]
Typesetting: e
[165]
Typesetting: el
Typesetting: elistof
[166]
Typesetting: empty{_}net
[167]
Typesetting: empty{_}ss

Overfull \hbox (8.96202pt too wide) in paragraph at lines 7720--7725
\OT1/cmr/m/n/12 In their max-i-mal gen-er-al-ity, sim-pli-fi-ca-tion op-er-a-ti
ons in HOL Light (as in-voked by []\OT1/cmtt/m/n/10.95 SIMP_TAC\OT1/cmr/m/n/12 
)
 []

Typesetting: end{_}itlist
[168]
Typesetting: enter
[169]
Typesetting: EQF{_}ELIM
[170]
Typesetting: EQF{_}INTRO
[171]
Typesetting: EQT{_}ELIM
Typesetting: EQT{_}INTRO
[172]
Typesetting: equals{_}goal
[173]
Typesetting: equals{_}thm
Typesetting: EQ{_}IMP{_}RULE
[174]
Typesetting: EQ{_}MP

Overfull \hbox (23.83543pt too wide) in paragraph at lines 8055--8059
\OT1/cmr/m/n/12 equivalent (for ex-am-ple, iden-ti-cal), the in-fer-ence rule [
]\OT1/cmtt/m/n/10.95 EQ_MP \OT1/cmr/m/n/12 re-turns the the-o-rem []\OT1/cmtt/m
/n/10.95 A1 u A2 |- t2\OT1/cmr/m/n/12 . 
 []

[175]
Typesetting: EQ{_}TAC
Typesetting: ETA{_}CONV
[176]
Typesetting: EVERY
[177]
Typesetting: EVERY{_}ASSUM
Typesetting: EVERY{_}CONV
[178]
Typesetting: EVERY{_}TCL
[179]
Typesetting: exactly
Typesetting: EXISTENCE
[180]
Typesetting: exists
[181]
Typesetting: EXISTS{_}EQUATION
Typesetting: EXISTS{_}TAC
[182]
Typesetting: EXISTS
[183]
Typesetting: EXPAND{_}CASES{_}CONV
[184]
Typesetting: EXPAND{_}NSUM{_}CONV
[185]
Typesetting: EXPAND{_}SUM{_}CONV
[186]
Overfull \hbox (13.05667pt too wide) in paragraph at lines 8588--8592
\OT1/cmr/m/n/12 brary file []\OT1/cmtt/m/n/10.95 Library/isum.ml \OT1/cmr/m/n/1
2 con-tains a cor-re-spond-ing form for in-te-ger sums []\OT1/cmtt/m/n/10.95 EX
PAND_ISUM_CONV\OT1/cmr/m/n/12 . 
 []

Typesetting: EXPAND{_}TAC
Typesetting: explode
[187]
Typesetting: extend{_}basic{_}congs
[188]
Typesetting: extend{_}basic{_}convs
[189]
Typesetting: extend{_}basic{_}rewrites
[190]
Typesetting: extend{_}rectype{_}net

Overfull \hbox (113.96051pt too wide) in paragraph at lines 8797--8804
\OT1/cmr/m/n/12 in-jec-tiv-ity the-o-rems for the in-duc-tive data type so far 
de-fined. A call []\OT1/cmtt/m/n/10.95 extend_rectype_net ("tyname",(_,_,rth))
 []

Typesetting: fail
[191]
Typesetting: FAIL{_}TAC
[192]
Typesetting: file{_}of{_}string

Overfull \hbox (73.6352pt too wide) in paragraph at lines 8943--8943
[]\OT1/cmtt/m/n/10.95 file in one of the directories in the path argument. An i
nitial dollar sign {\small\verb%$%}[] 
 []


Overfull \hbox (73.6352pt too wide) in paragraph at lines 8943--8943
[]\OT1/cmtt/m/n/10.95 in each path is interpreted as a reference to the current
 setting of {\small\verb%hol_dir%}.[] 
 []


Overfull \hbox (44.89175pt too wide) in paragraph at lines 8943--8943
[]\OT1/cmtt/m/n/10.95 To get an actual {\small\verb%$%} at the start of the fil
ename, actually use two dollar[] 
 []

Typesetting: filter
[193]
Underfull \vbox (badness 1253) has occurred while \output is active []

 [194]
Typesetting: find
Typesetting: FIND{_}ASSUM
[195] [196]
Typesetting: find{_}path
Typesetting: find{_}term
[197]
Typesetting: find{_}terms
Typesetting: finished
[198]
Typesetting: FIRST
[199]
Typesetting: FIRST{_}ASSUM
[200]
Typesetting: FIRST{_}CONV
Typesetting: FIRST{_}TCL
[201]
Typesetting: FIRST{_}X{_}ASSUM
[202]
Typesetting: fix
[203]
Typesetting: FIX{_}TAC
Typesetting: flat
[204] [205]
Typesetting: flush{_}goalstack
Typesetting: foldl
[206]
Typesetting: foldr
[207]
Typesetting: follow{_}path
[208]
Typesetting: forall
Typesetting: forall2
[209]
Typesetting: FORALL{_}UNWIND{_}CONV
[210]
Overfull \hbox (4.65094pt too wide) in paragraph at lines 9735--9735
[]     \OT1/cmtt/m/n/10.95 `!a b c d. a + 1 = b /\ b + 1 = c + 1 /\ d = e ==> a
 + b + c + d + e = 2`;;[] 
 []

Typesetting: frees
Typesetting: freesin
[211]
Typesetting: freesl
[212]
Typesetting: FREEZE{_}THEN
[213]
Typesetting: free{_}in
[214]
Typesetting: funpow
Typesetting: F{_}F
[215]
Typesetting: f{_}f{_}
[216]
Typesetting: g
Typesetting: GABS{_}CONV
[217]
Overfull \hbox (5.14523pt too wide) in paragraph at lines 10050--10053
\OT1/cmr/m/n/12 That is, []\OT1/cmtt/m/n/10.95 ABS_CONV c `\vs. t` \OT1/cmr/m/n
/12 ap-plies []\OT1/cmtt/m/n/10.95 c \OT1/cmr/m/n/12 to the body of the gen-er-
al-ized ab-strac-tion []\OT1/cmtt/m/n/10.95 `\vs. t`\OT1/cmr/m/n/12 .
 []

Typesetting: gcd
Typesetting: gcd{_}num
[218]
Typesetting: GEN

Underfull \vbox (badness 1342) has occurred while \output is active []

 [219]
Typesetting: GENERAL{_}REWRITE{_}CONV
[220]
Typesetting: GENL
[221]
Typesetting: genvar
[222]
Typesetting: GEN{_}ALL
Typesetting: GEN{_}ALPHA{_}CONV
[223]
Typesetting: GEN{_}BETA{_}CONV
[224]
Typesetting: GEN{_}MESON{_}TAC
[225]
Typesetting: GEN{_}NNF{_}CONV
[226]
Typesetting: GEN{_}PART{_}MATCH
[227]
Typesetting: GEN{_}REAL{_}ARITH

Overfull \hbox (326.57745pt too wide) in paragraph at lines 10539--10540
[]\OT1/cmtt/m/n/10.95 GEN_REAL_ARITH : ((thm list * thm list * thm list -> posi
tivstellensatz -> thm) -> thm list * thm list * thm list -> thm) -> term -> thm
 
 []

[228]
Typesetting: GEN{_}REWRITE{_}CONV
[229]
Typesetting: GEN{_}REWRITE{_}RULE
[230] [231]
Typesetting: GEN{_}REWRITE{_}TAC
[232]
Typesetting: GEN{_}SIMPLIFY{_}CONV
[233]
Typesetting: GEN{_}TAC
[234]
Typesetting: get{_}const{_}type
Typesetting: get{_}infix{_}status
[235]
Typesetting: get{_}type{_}arity
Typesetting: graph
[236]
Typesetting: GSYM
[237]
Typesetting: HAS{_}SIZE{_}CONV
[238]
Typesetting: HAS{_}SIZE{_}DIMINDEX{_}RULE
Typesetting: hd
[239]
Typesetting: help
[240]
Typesetting: help{_}path

Underfull \vbox (badness 10000) has occurred while \output is active []

 [241]
Overfull \vbox (11.81325pt too high) has occurred while \output is active []


[242]
Typesetting: hide{_}constant
Typesetting: HIGHER{_}REWRITE{_}CONV
[243]
Underfull \vbox (badness 5316) has occurred while \output is active []

 [244]
Typesetting: HINT{_}EXISTS{_}TAC

Overfull \hbox (199.5148pt too wide) in paragraph at lines 11298--11305
\OT1/cmr/m/n/12 Given a goal which con-tains some sub-for-mula of the form []\O
T1/cmtt/m/n/10.95 ?x_1... x_k. P_1 y^1_1 ... y^1_m1 /\ ... /\ P_n y^n_1 ... y^n
_mn
 []

[245]
Typesetting: hol{_}dir
[246]
Typesetting: hol{_}expand{_}directory
Typesetting: hol{_}version
[247]
Typesetting: hyp
[248]
Typesetting: HYP{_}TAC

Overfull \hbox (158.24081pt too wide) in paragraph at lines 11478--11480
[]\OT1/cmr/m/n/12 "[]\OT1/cmtt/m/n/10.95 l \OT1/cmr/m/n/12 : []\OT1/cmtt/m/n/10
.95 patt\OT1/cmr/m/n/12 ", mean-ing ap-ply []\OT1/cmtt/m/n/10.95 r \OT1/cmr/m/n
/12 to hy-poth-e-sis []\OT1/cmtt/m/n/10.95 l \OT1/cmr/m/n/12 and de-struct it w
ith []\OT1/cmtt/m/n/10.95 patt\OT1/cmr/m/n/12 , like []\OT1/cmtt/m/n/10.95 REMO
VE_THEN l (DESTRUCT_TAC patt o r) 
 []

[249]
Typesetting: HYP
[250]
Typesetting: I
[251]
Typesetting: ideal{_}cofactors

Overfull \hbox (458.79727pt too wide) in paragraph at lines 11611--11612
[]\OT1/cmtt/m/n/10.95 ideal_cofactors : (term -> num) * (num -> term) * conv * 
term * term * term * term * term * term * term * thm * (term -> thm) -> term li
st -> term -> term list 
 []

Typesetting: ignore{_}constant{_}varstruct
[252]
Typesetting: implode
Typesetting: IMP{_}ANTISYM{_}RULE
[253]
Typesetting: IMP{_}RES{_}THEN

Underfull \vbox (badness 1009) has occurred while \output is active []

 [254]
[255] [256]
Typesetting: IMP{_}REWRITE{_}TAC

Overfull \hbox (27.65384pt too wide) in paragraph at lines 11849--11858
\OT1/cmr/m/n/12 Given a list of the-o-rems []\OT1/cmtt/m/n/10.95 [th_1;...;th_k
] \OT1/cmr/m/n/12 of the form []\OT1/cmtt/m/n/10.95 !x_1... x_n. P ==> !y_1... 
y_m. l = r\OT1/cmr/m/n/12 ,
 []


Overfull \hbox (1.02228pt too wide) in paragraph at lines 11862--11865
[]\OT1/cmr/m/n/12 A the-o-rem of the form []\OT1/cmtt/m/n/10.95 !x_1... x_n. l 
= r \OT1/cmr/m/n/12 is turned into []\OT1/cmtt/m/n/10.95 !x_1... x_n. T ==> l =
 r
 []


Overfull \hbox (9.0198pt too wide) in paragraph at lines 11862--11865
\OT1/cmr/m/n/12 (so that []\OT1/cmtt/m/n/10.95 IMP_REWRITE_TAC \OT1/cmr/m/n/12 
can be used as a re-place-ment for []\OT1/cmtt/m/n/10.95 REWRITE_TAC \OT1/cmr/m
/n/12 and []\OT1/cmtt/m/n/10.95 SIMP_TAC\OT1/cmr/m/n/12 ). 
 []


Overfull \hbox (167.73293pt too wide) in paragraph at lines 11866--11869
[]\OT1/cmr/m/n/12 A the-o-rem of the form []\OT1/cmtt/m/n/10.95 !x_1... x_n. P 
==> !y_1... y_m. Q \OT1/cmr/m/n/12 is turned into []\OT1/cmtt/m/n/10.95 !x_1...
 x_n.  P ==> !y_1... y_m. Q = T
 []


Overfull \hbox (170.99678pt too wide) in paragraph at lines 11870--11872
[]\OT1/cmr/m/n/12 A the-o-rem of the form []\OT1/cmtt/m/n/10.95 !x_1... x_n. P 
==> !y_1... y_m. ~Q \OT1/cmr/m/n/12 is turned into []\OT1/cmtt/m/n/10.95 !x_1..
. x_n. P ==> !y_1... y_m. Q = F\OT1/cmr/m/n/12 . 
 []


Overfull \hbox (4.63403pt too wide) in paragraph at lines 11873--11876
[]\OT1/cmr/m/n/12 A the-o-rem of the form []\OT1/cmtt/m/n/10.95 !x_1... x_n. P 
==> !y_1... y_k. Q ... ==> l = r \OT1/cmr/m/n/12 is turned
 []


Overfull \hbox (296.74182pt too wide) in paragraph at lines 11877--11882
[]\OT1/cmr/m/n/12 A the-o-rem of the form []\OT1/cmtt/m/n/10.95 !x_1... x_n. P 
==> (!y^1_1... y^1_k. Q_1 ... ==> l_1 = r_1 /\ !y^2_1... y^2_k. Q_2 ... ==> l_2
=r_2 /\ ...)
 []


Overfull \hbox (96.0224pt too wide) in paragraph at lines 11877--11882
\OT1/cmr/m/n/12 is turned into the list of the-o-rems []\OT1/cmtt/m/n/10.95 !x_
1... x_n, y^1_1... y^1_k,... P /\ Q_1 /\ ... ==> l_1 = r_1\OT1/cmr/m/n/12 ,
 []

[257]
Underfull \vbox (badness 10000) has occurred while \output is active []

 [258]
Overfull \vbox (16.6132pt too high) has occurred while \output is active []


[259]
Typesetting: IMP{_}REWR{_}CONV
[260]
Overfull \hbox (13.26184pt too wide) in paragraph at lines 12017--12020
\OT1/cmr/m/n/12 One of the building-blocks for con-di-tional rewrit-ing as im-p
le-mented by []\OT1/cmtt/m/n/10.95 SIMP_CONV\OT1/cmr/m/n/12 , []\OT1/cmtt/m/n/1
0.95 SIMP_RULE\OT1/cmr/m/n/12 ,
 []

Typesetting: IMP{_}TRANS
Typesetting: increasing
[261]
Typesetting: index
[262]
Typesetting: inductive{_}type{_}store
[263]
Typesetting: INDUCT{_}TAC
[264]
Typesetting: infixes
[265]
Typesetting: injectivity

Overfull \hbox (13.24704pt too wide) in paragraph at lines 12266--12273
\OT1/cmr/m/n/12 A call []\OT1/cmtt/m/n/10.95 injectivity "ty" \OT1/cmr/m/n/12 w
here []\OT1/cmtt/m/n/10.95 "ty" \OT1/cmr/m/n/12 is the name of a re-cur-sive ty
pe de-fined with []\OT1/cmtt/m/n/10.95 define_type\OT1/cmr/m/n/12 ,
 []


Overfull \hbox (30.42923pt too wide) in paragraph at lines 12266--12273
\OT1/cmr/m/n/12 struc-tors are al-ways dif-fer-ent. The ef-fect is ex-actly the
 same as if []\OT1/cmtt/m/n/10.95 prove_constructors_injective
 []

Typesetting: injectivity{_}store
[266]
Typesetting: insert
[267]
Typesetting: insert'
Typesetting: inst
[268]
Typesetting: installed{_}parsers

Overfull \hbox (27.64569pt too wide) in paragraph at lines 12427--12428
[]\OT1/cmtt/m/n/10.95 installed_parsers : unit -> (string * (lexcode list -> pr
eterm * lexcode list)) list 
 []

[269]
Typesetting: install{_}parser
Typesetting: install{_}user{_}printer
[270] [271]
Typesetting: instantiate
[272]
Typesetting: INSTANTIATE{_}ALL
Typesetting: instantiate{_}casewise{_}recursion
[273]
Overfull \hbox (74.99138pt too wide) in paragraph at lines 12627--12636
\OT1/cmr/m/n/12 This is sel-dom a con-ve-nient func-tion for users. Nor-mally, 
use []\OT1/cmtt/m/n/10.95 prove_general_recursive_function_exists
 []


Overfull \hbox (7.13797pt too wide) in paragraph at lines 12627--12636
\OT1/cmr/m/n/12 of the side-conditions fails, one may pre-fer in-stead []\OT1/c
mtt/m/n/10.95 pure_prove_recursive_function_exists\OT1/cmr/m/n/12 .
 []

Typesetting: INSTANTIATE
[274]
Typesetting: inst{_}goal
[275]
Typesetting: INST{_}TYPE
[276]
Typesetting: INST
[277]
Typesetting: INTEGER{_}RULE
[278]
Typesetting: INTEGER{_}TAC
[279]
Typesetting: intersect
[280]
Typesetting: INTRO{_}TAC
[281]
Underfull \vbox (badness 10000) has occurred while \output is active []

 [282]
Typesetting: INT{_}ABS{_}CONV
Typesetting: INT{_}ADD{_}CONV
[283]
Typesetting: INT{_}ARITH
[284]
Typesetting: INT{_}ARITH{_}TAC
Typesetting: INT{_}EQ{_}CONV
[285] [286]
Typesetting: INT{_}GE{_}CONV
Typesetting: INT{_}GT{_}CONV
[287]
Typesetting: int{_}ideal{_}cofactors
[288]
Typesetting: INT{_}LE{_}CONV
[289]
Typesetting: INT{_}LT{_}CONV
[290]
Typesetting: INT{_}MAX{_}CONV
Typesetting: INT{_}MIN{_}CONV
[291]
Typesetting: INT{_}MUL{_}CONV
[292]
Typesetting: INT{_}NEG{_}CONV
Typesetting: INT{_}OF{_}REAL{_}THM
[293]
Typesetting: INT{_}POLY{_}CONV
[294]
Underfull \vbox (badness 10000) has occurred while \output is active []

 [295]
Typesetting: INT{_}POW{_}CONV
[296]
Typesetting: INT{_}REDUCE{_}CONV
Typesetting: INT{_}RED{_}CONV
[297]
Typesetting: INT{_}REM{_}DOWN{_}CONV
[298]
Typesetting: INT{_}RING
[299]
Overfull \hbox (16.14832pt too wide) in paragraph at lines 13831--13831
[]           \OT1/cmtt/m/n/10.95 ==> &2 * (a * b + a * c + b * c) pow 2 = a pow
 4 + b pow 4 + c pow 4 /\[] 
 []


Underfull \vbox (badness 2035) has occurred while \output is active []

 [300]
Typesetting: INT{_}SGN{_}CONV
Typesetting: INT{_}SUB{_}CONV
[301]
Typesetting: isalnum
Typesetting: isalpha
[302]
Typesetting: isbra
Typesetting: isnum
[303]
Typesetting: ISPEC
[304]
Typesetting: ISPECL
Typesetting: issep
[305]
Typesetting: isspace
[306]
Typesetting: issymb
Typesetting: is{_}abs
[307]
Typesetting: is{_}binary
Typesetting: is{_}binder
[308]
Typesetting: is{_}binop
[309]
Typesetting: is{_}comb
Typesetting: is{_}cond
[310]
Typesetting: is{_}conj
[311]
Typesetting: is{_}cons
Typesetting: is{_}const
[312]
Typesetting: is{_}disj
Typesetting: is{_}eq
[313]
Typesetting: is{_}exists
Typesetting: is{_}forall
[314]
Typesetting: is{_}gabs
Typesetting: is{_}hidden
[315]
Typesetting: is{_}iff
[316]
Overfull \hbox (11.63998pt too wide) in paragraph at lines 14580--14585
\OT1/cmr/m/n/12 Recall that in HOL, the Boolean op-er-a-tion var-i-ously called
 log-i-cal equiv-a-lence, bi-implication
 []

Typesetting: is{_}imp
[317]
Typesetting: is{_}intconst
Typesetting: is{_}let
[318]
Typesetting: is{_}list
Typesetting: is{_}neg
[319]
Typesetting: is{_}numeral
Typesetting: is{_}pair
Typesetting: is{_}prefix
[320]
Typesetting: is{_}ratconst
[321]
Typesetting: is{_}realintconst
Typesetting: is{_}reserved{_}word
[322]
Typesetting: is{_}select
Typesetting: is{_}setenum
[323]
Typesetting: is{_}type
[324]
Typesetting: is{_}uexists
Typesetting: is{_}undefined
[325]
Typesetting: is{_}var
[326]
Typesetting: is{_}vartype
Typesetting: it
[327]
Typesetting: ITAUT
[328]
Typesetting: ITAUT{_}TAC
[329]
Typesetting: itlist
[330]
Typesetting: itlist2
[331]
Typesetting: K
Typesetting: LABEL{_}TAC
[332] [333]
Typesetting: LAMBDA{_}ELIM{_}CONV
[334]
Typesetting: LAND{_}CONV

Overfull \hbox (70.79115pt too wide) in paragraph at lines 15437--15440
\OT1/cmr/m/n/12 If []\OT1/cmtt/m/n/10.95 c \OT1/cmr/m/n/12 is a con-ver-sion wh
ere []\OT1/cmtt/m/n/10.95 c `l` \OT1/cmr/m/n/12 gives []\OT1/cmtt/m/n/10.95 |- 
l = l'\OT1/cmr/m/n/12 , then []\OT1/cmtt/m/n/10.95 LAND_CONV c `op l r` \OT1/cm
r/m/n/12 gives []\OT1/cmtt/m/n/10.95 |- op l r = op l' r\OT1/cmr/m/n/12 . 
 []

Typesetting: last
[335]
Typesetting: lcm{_}num
Typesetting: LEANCOP
[336]
Typesetting: LEANCOP{_}TAC
[337]
Typesetting: leftbin

Overfull \hbox (102.37863pt too wide) in paragraph at lines 15586--15587
[]\OT1/cmtt/m/n/10.95 leftbin : ('a -> 'b * 'c) -> ('c -> 'd * 'a) -> ('d -> 'b
 -> 'b -> 'b) -> string -> 'a -> 'b * 'c 
 []

[338]
Typesetting: length
Typesetting: let{_}CONV
[339]
Typesetting: LET{_}TAC

Underfull \vbox (badness 10000) has occurred while \output is active []

 [340]
Overfull \hbox (44.52188pt too wide) in paragraph at lines 15726--15735
\OT1/cmr/m/n/12 Given a goal []\OT1/cmtt/m/n/10.95 A ?- t \OT1/cmr/m/n/12 where
 []\OT1/cmtt/m/n/10.95 t \OT1/cmr/m/n/12 con-tains a free let-expression []\OT1
/cmtt/m/n/10.95 let x1 = E1 and ... let xn = En in E\OT1/cmr/m/n/12 ,
 []

Typesetting: lex
[341]
Overfull \hbox (0.40836pt too wide) in paragraph at lines 15775--15783
[]\OT1/cmr/m/n/12 Lexical anal-y-sis es-sen-tially re-gards any num-ber of al-p
hanu-meric char-ac-ters (see []\OT1/cmtt/m/n/10.95 isalnum\OT1/cmr/m/n/12 )
 []

[342]
Typesetting: LE{_}IMP

Overfull \hbox (14.39688pt too wide) in paragraph at lines 15827--15830
\OT1/cmr/m/n/12 Can make tran-si-tiv-ity chain-ing in goals eas-ier, e.g. by []
\OT1/cmtt/m/n/10.95 FIRST_ASSUM(MATCH_MP_TAC o LE_IMP)\OT1/cmr/m/n/12 . 
 []

Typesetting: lhand
[343]
Typesetting: lhs
[344]
Typesetting: lift{_}function

Overfull \hbox (0.35419pt too wide) in paragraph at lines 15911--15925
\OT1/cmr/m/n/12 Suppose type []\OT1/cmtt/m/n/10.95 qty \OT1/cmr/m/n/12 is a quo
-tient type of []\OT1/cmtt/m/n/10.95 rty \OT1/cmr/m/n/12 un-der an equiv-a-lenc
e re-la-tion []\OT1/cmtt/m/n/10.95 R:rty->rty->bool\OT1/cmr/m/n/12 ,
 []


Overfull \hbox (20.92792pt too wide) in paragraph at lines 15911--15925
\OT1/cmr/m/n/12 rem of the form []\OT1/cmtt/m/n/10.95 |- (?x. r = R x) <=> rep(
abs r) = r \OT1/cmr/m/n/12 as re-turned by []\OT1/cmtt/m/n/10.95 define_quotien
t_type\OT1/cmr/m/n/12 ,
 []

[345] [346] [347]
Typesetting: lift{_}theorem

Overfull \hbox (19.63748pt too wide) in paragraph at lines 16059--16069
\OT1/cmr/m/n/12 and (iii) the list of the-o-rems re-turned as the sec-ond com-p
o-nent of the pairs from []\OT1/cmtt/m/n/10.95 lift_function
 []


Overfull \hbox (9.81076pt too wide) in paragraph at lines 16077--16083
\OT1/cmr/m/n/12 This is a con-tin-u-a-tion of the ex-am-ple in the doc-u-men-ta
-tion en-tries for []\OT1/cmtt/m/n/10.95 define_quotient_type
 []

[348]
Typesetting: listof
[349]
Typesetting: LIST{_}CONV

Overfull \hbox (26.91203pt too wide) in paragraph at lines 16170--16173
\OT1/cmr/m/n/12 If []\OT1/cmtt/m/n/10.95 cnv `ti` \OT1/cmr/m/n/12 re-turns []\O
T1/cmtt/m/n/10.95 |- ti = ti' \OT1/cmr/m/n/12 for []\OT1/cmtt/m/n/10.95 i \OT1/
cmr/m/n/12 rang-ing from []\OT1/cmtt/m/n/10.95 1 \OT1/cmr/m/n/12 to []\OT1/cmtt
/m/n/10.95 n\OT1/cmr/m/n/12 , then []\OT1/cmtt/m/n/10.95 LIST_CONV cnv `[t1; ..
.; tn]`
 []

[350]
Typesetting: LIST{_}INDUCT{_}TAC
[351]
Underfull \vbox (badness 10000) has occurred while \output is active []

 [352]
Typesetting: list{_}mk{_}abs
[353]
Typesetting: list{_}mk{_}binop

Overfull \hbox (96.77917pt too wide) in paragraph at lines 16339--16344
\OT1/cmr/m/n/12 The call []\OT1/cmtt/m/n/10.95 list_mk_binop op [t1; ...; tn] \
OT1/cmr/m/n/12 con-structs the term []\OT1/cmtt/m/n/10.95 op t1 (op t2 (op ... 
(op tn-1 tn) ...)))\OT1/cmr/m/n/12 .
 []

Typesetting: list{_}mk{_}comb
[354]
Typesetting: list{_}mk{_}conj

Underfull \vbox (badness 1661) has occurred while \output is active []

 [355]
Typesetting: list{_}mk{_}disj
[356]
Typesetting: list{_}mk{_}exists
[357]
Typesetting: list{_}mk{_}forall
Typesetting: list{_}mk{_}gabs
[358]
Typesetting: list{_}mk{_}icomb
[359]
Typesetting: loaded{_}files
Typesetting: loads
[360]
Typesetting: loadt
[361]
Typesetting: load{_}on{_}path
Typesetting: load{_}path
[362]
Typesetting: lookup
[363]
Overfull \hbox (21.95366pt too wide) in paragraph at lines 16794--16798
[]\OT1/cmr/m/n/12 The three items re-turned in the last call are rewrites based
 on the the-o-rems []\OT1/cmtt/m/n/10.95 |- T /\ t <=> t\OT1/cmr/m/n/12 ,
 []

Typesetting: make{_}args

Underfull \vbox (badness 10000) has occurred while \output is active []

 [364]
Typesetting: make{_}overloadable
[365]
Overfull \hbox (7.26065pt too wide) in paragraph at lines 16859--16866
\OT1/cmr/m/n/12 the choice be-ing de-ter-mined by types and/or an or-der of pri
-or-ity (see []\OT1/cmtt/m/n/10.95 prioritize_overload\OT1/cmr/m/n/12 ).
 []

Typesetting: many
[366]
Typesetting: map
Typesetting: map2
[367]
Typesetting: mapf
[368]
Typesetting: mapfilter
Typesetting: MAP{_}EVERY
[369]
Typesetting: MAP{_}FIRST
[370]
Underfull \vbox (badness 10000) has occurred while \output is active []

 [371]
Typesetting: MATCH{_}ACCEPT{_}TAC
[372]
Typesetting: MATCH{_}CONV
[373]
Overfull \hbox (4.65094pt too wide) in paragraph at lines 17255--17255
[]       \OT1/cmtt/m/n/10.95 (if [] = l then (function [] -> 0) l else (functio
n CONS h t -> h + 1) l)[] 
 []

Typesetting: MATCH{_}MP
[374] [375]
Typesetting: MATCH{_}MP{_}TAC
[376]
Typesetting: mem
Typesetting: mem'
[377]
Typesetting: merge

Overfull \hbox (6.94301pt too wide) in paragraph at lines 17454--17458
\OT1/cmr/m/n/12 If two lists []\OT1/cmtt/m/n/10.95 l1 \OT1/cmr/m/n/12 and []\OT
1/cmtt/m/n/10.95 l2 \OT1/cmr/m/n/12 are sorted with re-spect to the given or-de
r-ing []\OT1/cmtt/m/n/10.95 ord\OT1/cmr/m/n/12 , then []\OT1/cmtt/m/n/10.95 mer
ge ord l1 l2
 []

[378]
Typesetting: mergesort
Typesetting: merge{_}nets
[379]
Typesetting: MESON
[380]
Typesetting: meson{_}brand
[381]
Typesetting: meson{_}chatty
[382]
Typesetting: meson{_}dcutin
Typesetting: meson{_}depth
[383]
Typesetting: meson{_}prefine
[384]
Typesetting: meson{_}skew
Typesetting: meson{_}split{_}limit
[385]
Typesetting: MESON{_}TAC
[386]
Underfull \vbox (badness 1292) has occurred while \output is active []

 [387]
Typesetting: META{_}EXISTS{_}TAC
[388]
Typesetting: META{_}SPEC{_}TAC

Overfull \hbox (29.15164pt too wide) in paragraph at lines 17941--17947
\OT1/cmr/m/n/12 Given a vari-able []\OT1/cmtt/m/n/10.95 v \OT1/cmr/m/n/12 and a
 the-o-rem []\OT1/cmtt/m/n/10.95 th \OT1/cmr/m/n/12 of the form []\OT1/cmtt/m/n
/10.95 A |- !x. p[x]\OT1/cmr/m/n/12 , the tac-tic []\OT1/cmtt/m/n/10.95 META_SP
EC_TAC `v` th
 []

Typesetting: METIS
[389]
Typesetting: metisverb
[390]
Typesetting: METIS{_}TAC
[391]
Typesetting: mk{_}abs
Typesetting: mk{_}binary
[392]
Typesetting: mk{_}binder
[393]
Typesetting: mk{_}binop
Typesetting: MK{_}BINOP
[394]
Typesetting: mk{_}char
[395]
Typesetting: mk{_}comb
Typesetting: MK{_}COMB{_}TAC
[396]
Overfull \hbox (7.12387pt too wide) in paragraph at lines 18303--18307
\OT1/cmr/m/n/12 Given a goal whose con-clu-sion is an equa-tion be-tween func-t
ion ap-pli-ca-tions []\OT1/cmtt/m/n/10.95 A ?- f x = g y\OT1/cmr/m/n/12 ,
 []

Typesetting: MK{_}COMB
[397]
Typesetting: mk{_}cond
Typesetting: mk{_}conj
[398]
Typesetting: MK{_}CONJ
Typesetting: mk{_}cons
[399]
Typesetting: mk{_}const
[400]
Typesetting: mk{_}disj
[401]
Typesetting: MK{_}DISJ
Typesetting: mk{_}eq
[402]
Typesetting: mk{_}exists
[403]
Typesetting: MK{_}EXISTS

Overfull \hbox (2.26405pt too wide) in paragraph at lines 18639--18643
\OT1/cmr/m/n/12 Given a the-o-rem []\OT1/cmtt/m/n/10.95 th \OT1/cmr/m/n/12 whos
e con-clu-sion is a Boolean equa-tion (iff), the rule []\OT1/cmtt/m/n/10.95 MK_
EXISTS `v` th
 []

Typesetting: mk{_}finty
[404]
Typesetting: mk{_}flist
[405]
Typesetting: mk{_}forall
Typesetting: MK{_}FORALL
[406]
Overfull \hbox (2.26405pt too wide) in paragraph at lines 18757--18761
\OT1/cmr/m/n/12 Given a the-o-rem []\OT1/cmtt/m/n/10.95 th \OT1/cmr/m/n/12 whos
e con-clu-sion is a Boolean equa-tion (iff), the rule []\OT1/cmtt/m/n/10.95 MK_
FORALL `v` th
 []

Typesetting: mk{_}fset
[407]
Typesetting: mk{_}fthm
Typesetting: mk{_}fun{_}ty
[408]
Typesetting: mk{_}gabs
[409]
Typesetting: mk{_}goalstate
[410]
Typesetting: mk{_}icomb
Typesetting: mk{_}iff
[411]
Typesetting: mk{_}imp
Typesetting: mk{_}intconst
[412]
Typesetting: mk{_}let
Typesetting: mk{_}list
[413]
Typesetting: mk{_}mconst
[414]
Typesetting: mk{_}neg
[415]
Typesetting: mk{_}numeral
Typesetting: mk{_}pair
[416]
Typesetting: mk{_}primed{_}var
Typesetting: mk{_}prover
[417] [418]
Typesetting: mk{_}realintconst
Typesetting: mk{_}rewrites
[419]
Overfull \hbox (16.60597pt too wide) in paragraph at lines 19378--19388
\OT1/cmr/m/n/12 Given a Boolean flag []\OT1/cmtt/m/n/10.95 b\OT1/cmr/m/n/12 , a
 the-o-rem []\OT1/cmtt/m/n/10.95 th \OT1/cmr/m/n/12 and a list of the-o-rems []
\OT1/cmtt/m/n/10.95 thl\OT1/cmr/m/n/12 , the call []\OT1/cmtt/m/n/10.95 mk_rewr
ites b th thl
 []

Typesetting: mk{_}select
[420]
Typesetting: mk{_}setenum
Typesetting: mk{_}small{_}numeral
[421]
Typesetting: mk{_}string
Typesetting: mk{_}thm
[422]
Typesetting: mk{_}type
[423]
Typesetting: mk{_}uexists
[424]
Typesetting: mk{_}var
Typesetting: mk{_}vartype
[425]
Typesetting: MOD{_}DOWN{_}CONV
[426]
Typesetting: monotonicity{_}theorems
[427]
Typesetting: MONO{_}TAC
[428]
Typesetting: MP
[429]
Typesetting: MP{_}CONV
Typesetting: MP{_}TAC
[430]
Typesetting: name
[431]
Typesetting: NAME{_}ASSUMS{_}LIST
Typesetting: name{_}of
[432] [433]
Typesetting: NANOCOP
[434]
Typesetting: NANOCOP{_}TAC
Typesetting: needs
[435]
Typesetting: net{_}of{_}cong
[436]
Typesetting: net{_}of{_}conv
[437]
Typesetting: net{_}of{_}thm

Overfull \hbox (16.14832pt too wide) in paragraph at lines 20210--20211
[]\OT1/cmtt/m/n/10.95 net_of_thm : bool -> thm -> (int * (term -> thm)) net -> 
(int * (term -> thm)) net 
 []

Typesetting: new{_}axiom
[438]
Typesetting: new{_}basic{_}definition
[439]
Typesetting: new{_}basic{_}type{_}definition
[440]
Underfull \vbox (badness 10000) has occurred while \output is active []

 [441]
Typesetting: new{_}constant
[442]
Typesetting: new{_}definition
[443]
Typesetting: new{_}inductive{_}definition

Overfull \hbox (33.11433pt too wide) in paragraph at lines 20510--20515
\OT1/cmr/m/n/12 proven mono-tonic-ity hy-pothe-ses. In the last case, you can t
ry []\OT1/cmtt/m/n/10.95 prove_inductive_relations_exist
 []


Overfull \hbox (57.27151pt too wide) in paragraph at lines 20510--20515
\OT1/cmr/m/n/12 to ex-am-ine these hy-pothe-ses, and ei-ther try to prove them 
man-u-ally or ex-tend []\OT1/cmtt/m/n/10.95 monotonicity_theorems
 []

[444]
Overfull \hbox (4.65094pt too wide) in paragraph at lines 20619--20619
[]  \OT1/cmtt/m/n/10.95 # let provable_RULES,provable_INDUCT,provable_CASES = n
ew_inductive_definition[] 
 []


Underfull \vbox (badness 10000) has occurred while \output is active []

 [445]
Overfull \vbox (218.2133pt too high) has occurred while \output is active []


[446]
Typesetting: new{_}inductive{_}set

Underfull \vbox (badness 4316) has occurred while \output is active []

 [447]
Underfull \vbox (badness 10000) has occurred while \output is active []

 [448]
Typesetting: new{_}recursive{_}definition
[449]
Underfull \vbox (badness 6300) has occurred while \output is active []

 [450]
Typesetting: new{_}specification
[451]
Typesetting: new{_}type
[452]
Typesetting: new{_}type{_}abbrev
[453]
Typesetting: new{_}type{_}definition
[454]
Typesetting: NNFC{_}CONV
[455]
Typesetting: NNF{_}CONV
[456]
Typesetting: nothing
[457]
Typesetting: NOT{_}ELIM
Typesetting: NOT{_}INTRO
[458]
Typesetting: NO{_}CONV
[459]
Typesetting: NO{_}TAC

Underfull \vbox (badness 3503) has occurred while \output is active []

 [460]
Typesetting: NO{_}THEN
[461]
Typesetting: nsplit
Typesetting: null{_}inst
[462]
Typesetting: null{_}meta
[463]
Typesetting: NUMBER{_}RULE
Typesetting: NUMBER{_}TAC
[464]
Typesetting: numdom
[465]
Typesetting: numerator
[466]
Typesetting: NUMSEG{_}CONV
Typesetting: num{_}0
[467]
Typesetting: num{_}1
Typesetting: num{_}10
[468]
Typesetting: num{_}2
Typesetting: NUM{_}ADD{_}CONV
[469]
Typesetting: NUM{_}CANCEL{_}CONV
[470]
Overfull \hbox (6.83026pt too wide) in paragraph at lines 21740--21744
\OT1/cmr/m/n/12 ever, this is mostly in-tended for ``boot-strap-ping'', be-fore
 more pow-er-ful rules like []\OT1/cmtt/m/n/10.95 ARITH_RULE
 []

Typesetting: num{_}CONV
[471]
Typesetting: NUM{_}DIV{_}CONV
[472]
Typesetting: NUM{_}EQ{_}CONV
[473]
Typesetting: NUM{_}EVEN{_}CONV
[474]
Typesetting: NUM{_}EXP{_}CONV

Underfull \vbox (badness 1748) has occurred while \output is active []

 [475]
Typesetting: NUM{_}FACT{_}CONV
[476]
Typesetting: NUM{_}GE{_}CONV
[477]
Typesetting: NUM{_}GT{_}CONV
[478]
Typesetting: NUM{_}LE{_}CONV
[479]
Typesetting: NUM{_}LT{_}CONV
[480]
Typesetting: NUM{_}MAX{_}CONV
[481]
Typesetting: NUM{_}MIN{_}CONV
Typesetting: NUM{_}MOD{_}CONV
[482]
Typesetting: NUM{_}MULT{_}CONV
[483]
Typesetting: NUM{_}NORMALIZE{_}CONV
[484]
Typesetting: NUM{_}ODD{_}CONV
[485]
Typesetting: num{_}of{_}string
Typesetting: NUM{_}PRE{_}CONV
[486]
Typesetting: NUM{_}REDUCE{_}CONV
[487]
Overfull \hbox (4.65094pt too wide) in paragraph at lines 22530--22530
[]  \OT1/cmtt/m/n/10.95 # NUM_REDUCE_CONV `(!x. f(x + 2 + 2) < f(x + 0)) ==> f(
12 * x) = f(12 * 12)`;;[] 
 []

Typesetting: NUM{_}REDUCE{_}TAC
[488]
Typesetting: NUM{_}RED{_}CONV

Overfull \hbox (11.53305pt too wide) in paragraph at lines 22589--22597
[]\OT1/cmtt/m/n/10.95 `m EXP n`\OT1/cmr/m/n/12 , []\OT1/cmtt/m/n/10.95 `m DIV n
` \OT1/cmr/m/n/12 or []\OT1/cmtt/m/n/10.95 `m MOD n` \OT1/cmr/m/n/12 ap-plied t
o nu-mer-als []\OT1/cmtt/m/n/10.95 m \OT1/cmr/m/n/12 and []\OT1/cmtt/m/n/10.95 
n\OT1/cmr/m/n/12 , the con-ver-sion []\OT1/cmtt/m/n/10.95 NUM_RED_CONV
 []

[489]
Typesetting: NUM{_}REL{_}CONV
[490]
Typesetting: NUM{_}RING
[491]
Typesetting: NUM{_}SIMPLIFY{_}CONV
[492]
Typesetting: NUM{_}SUB{_}CONV
[493]
Typesetting: NUM{_}SUC{_}CONV
[494]
Typesetting: NUM{_}TO{_}INT{_}CONV

Overfull \hbox (23.70856pt too wide) in paragraph at lines 22884--22890
\OT1/cmr/m/n/12 Given a term, with ar-bi-trary quan-ti-fier al-ter-na-tions ove
r the nat-u-ral num-bers, []\OT1/cmtt/m/n/10.95 NUM_TO_INT_CONV
 []

[495]
Typesetting: o
Typesetting: occurs{_}in
Typesetting: omit
[496]
Typesetting: ONCE{_}ASM{_}REWRITE{_}RULE
[497]
Typesetting: ONCE{_}ASM{_}REWRITE{_}TAC
[498]
Typesetting: ONCE{_}ASM{_}SIMP{_}TAC
[499]
Typesetting: ONCE{_}DEPTH{_}CONV
[500]
Typesetting: ONCE{_}DEPTH{_}SQCONV

Overfull \hbox (2.37599pt too wide) in paragraph at lines 23172--23177
\OT1/cmr/m/n/12 trolled by a ``strat-egy''. []\OT1/cmtt/m/n/10.95 ONCE_DEPTH_SQ
CONV \OT1/cmr/m/n/12 is a strat-egy cor-re-spond-ing to []\OT1/cmtt/m/n/10.95 O
NCE_DEPTH_CONV
 []

[501]
Typesetting: ONCE{_}REWRITE{_}CONV
Typesetting: ONCE{_}REWRITE{_}RULE
[502]
Typesetting: ONCE{_}REWRITE{_}TAC
[503]
Typesetting: ONCE{_}SIMPLIFY{_}CONV

Overfull \hbox (8.96202pt too wide) in paragraph at lines 23316--23324
\OT1/cmr/m/n/12 In their max-i-mal gen-er-al-ity, sim-pli-fi-ca-tion op-er-a-ti
ons in HOL Light (as in-voked by []\OT1/cmtt/m/n/10.95 SIMP_TAC\OT1/cmr/m/n/12 
)
 []

[504]
Typesetting: ONCE{_}SIMP{_}CONV
Typesetting: ONCE{_}SIMP{_}RULE
[505]
Typesetting: ONCE{_}SIMP{_}TAC
Typesetting: ORDERED{_}IMP{_}REWR{_}CONV
[506]
Typesetting: ORDERED{_}REWR{_}CONV
[507]
Typesetting: ORELSE
[508]
Typesetting: ORELSEC
[509]
Typesetting: orelsec{_}
Typesetting: orelse{_}
[510]
Typesetting: ORELSE{_}TCL
Typesetting: orelse{_}tcl{_}
Typesetting: overload{_}interface
[511] [512]
Typesetting: override{_}interface
[513]
Typesetting: p
[514]
Typesetting: parses{_}as{_}binder
Typesetting: parse{_}as{_}binder
[515]
Typesetting: parse{_}as{_}infix
[516]
Typesetting: parse{_}as{_}prefix
Typesetting: parse{_}inductive{_}type{_}specification

Overfull \hbox (85.13257pt too wide) in paragraph at lines 23912--23913
[]\OT1/cmtt/m/n/10.95 parse_inductive_type_specification : string -> (hol_type 
* (string * hol_type list) list) list 
 []

[517]
Overfull \hbox (45.4035pt too wide) in paragraph at lines 23917--23923
\OT1/cmr/m/n/12 type spec-i-fi-ca-tion in a more struc-tured for-mat. The func-
tion []\OT1/cmtt/m/n/10.95 parse_inductive_type_specification
 []


Overfull \hbox (72.91pt too wide) in paragraph at lines 23917--23923
\OT1/cmr/m/n/12 fact, []\OT1/cmtt/m/n/10.95 define_type \OT1/cmr/m/n/12 is just
 the com-po-si-tion of []\OT1/cmtt/m/n/10.95 define_type_raw \OT1/cmr/m/n/12 an
d []\OT1/cmtt/m/n/10.95 parse_inductive_type_specification\OT1/cmr/m/n/12 . 
 []

Typesetting: parse{_}preterm
Typesetting: parse{_}pretype
[518]
Typesetting: parse{_}term
Typesetting: parse{_}type
[519]
Typesetting: partition
Typesetting: PART{_}MATCH
[520] [521]
Typesetting: PATH{_}CONV
[522]
Typesetting: PAT{_}CONV
[523]
Typesetting: PINST
[524]
Typesetting: POP{_}ASSUM
[525] [526]
Typesetting: POP{_}ASSUM{_}LIST
[527]
Typesetting: possibly
Typesetting: pow10
[528]
Typesetting: pow2
Typesetting: pp{_}print{_}fpf
[529]
Typesetting: pp{_}print{_}num
[530]
Typesetting: pp{_}print{_}qterm
Typesetting: pp{_}print{_}qtype
[531]
Typesetting: pp{_}print{_}term
Typesetting: pp{_}print{_}thm
[532]
Typesetting: pp{_}print{_}type
Typesetting: prebroken{_}binops
[533]
Typesetting: prefixes

Overfull \hbox (0.4861pt too wide) in paragraph at lines 24697--24699
[]\OT1/cmr/m/n/12 This ex-plains, for ex-am-ple, why `[]\OT1/cmtt/m/n/10.95 ~ ~
 p\OT1/cmr/m/n/12 ' parses as `[]\OT1/cmtt/m/n/10.95 ~(~p)\OT1/cmr/m/n/12 ' rat
her than pars-ing as `[]\OT1/cmtt/m/n/10.95 (~ ~) p\OT1/cmr/m/n/12 '
 []

Typesetting: PRENEX{_}CONV
[534]
Typesetting: PRESIMP{_}CONV

Overfull \hbox (147.357pt too wide) in paragraph at lines 24743--24750
\OT1/cmr/m/n/12 con-junc-tions and ex-is-ten-tial quan-ti-fiers through dis-jun
c-tions, e.g. []\OT1/cmtt/m/n/10.95 (?x. p[x] \/ q[x]) <=> (?x. p[x]) \/ (?x. q
[x])
 []

[535]
Typesetting: preterm{_}of{_}term
Typesetting: pretype{_}of{_}type
[536]
Typesetting: print{_}all{_}thm
[537]
Typesetting: print{_}fpf
Typesetting: print{_}goal
[538]
Typesetting: print{_}goalstack
Typesetting: print{_}goal{_}hyp{_}max{_}boxes
[539]
Typesetting: PRINT{_}GOAL{_}TAC

Underfull \vbox (badness 10000) has occurred while \output is active []

 [540]
[541]
Typesetting: print{_}num
Typesetting: print{_}qterm
[542]
Typesetting: print{_}qtype
Typesetting: print{_}term
[543]
Typesetting: print{_}thm
Typesetting: print{_}to{_}string
[544]
Typesetting: print{_}type
Typesetting: print{_}types{_}of{_}subterms
[545]
Typesetting: print{_}unambiguous{_}comprehensions

Underfull \vbox (badness 10000) has occurred while \output is active []

 [546]
[547]
Typesetting: prioritize{_}int
[548]
Typesetting: prioritize{_}num
[549] [550]
Typesetting: prioritize{_}overload

Underfull \vbox (badness 10000) has occurred while \output is active []

 [551]
Typesetting: prioritize{_}real
[552]
Typesetting: PROP{_}ATOM{_}CONV
[553]
Typesetting: prove
[554]
Typesetting: prove{_}cases{_}thm
[555]
Typesetting: prove{_}constructors{_}distinct
[556]
Typesetting: prove{_}constructors{_}injective
[557]
Typesetting: prove{_}general{_}recursive{_}function{_}exists
[558] [559]
Overfull \hbox (65.49423pt too wide) in paragraph at lines 25824--25830
\OT1/cmr/m/n/12 mat-i-cally, con-sider []\OT1/cmtt/m/n/10.95 pure_prove_recursi
ve_function_exists \OT1/cmr/m/n/12 or even []\OT1/cmtt/m/n/10.95 instantiate_ca
sewise_recursion\OT1/cmr/m/n/12 . 
 []

Typesetting: PROVE{_}HYP
[560]
Typesetting: prove{_}inductive{_}relations{_}exist

Overfull \hbox (4.1271pt too wide) in paragraph at lines 25889--25900
\OT1/cmr/m/n/12 la-tions; the re-quired for-mat is ex-plained fur-ther in the e
n-try for []\OT1/cmtt/m/n/10.95 new_inductive_definition\OT1/cmr/m/n/12 .
 []

[561]
Overfull \hbox (4.65094pt too wide) in paragraph at lines 25926--25926
[]                \OT1/cmtt/m/n/10.95 ==> (!a0. odd a0 ==> odd' a0) /\ (!a1. ev
en a1 ==> even' a1)) /\[] 
 []


Underfull \vbox (badness 10000) has occurred while \output is active []

 [562]
Typesetting: prove{_}monotonicity{_}hyps
Typesetting: prove{_}recursive{_}functions{_}exist
[563]
Overfull \hbox (26.47363pt too wide) in paragraph at lines 25982--25986
\OT1/cmr/m/n/12 This func-tion has es-sen-tially the same in-ter-face and func-
tion-al-ity as []\OT1/cmtt/m/n/10.95 new_recursive_definition\OT1/cmr/m/n/12 ,
 []

[564]
Typesetting: PURE{_}ASM{_}REWRITE{_}RULE
[565]
Typesetting: PURE{_}ASM{_}REWRITE{_}TAC
Typesetting: PURE{_}ASM{_}SIMP{_}TAC
[566]
Typesetting: PURE{_}ONCE{_}ASM{_}REWRITE{_}RULE
Typesetting: PURE{_}ONCE{_}ASM{_}REWRITE{_}TAC
[567]
Typesetting: PURE{_}ONCE{_}REWRITE{_}CONV
[568]
Typesetting: PURE{_}ONCE{_}REWRITE{_}RULE
Typesetting: PURE{_}ONCE{_}REWRITE{_}TAC
[569]
Typesetting: pure{_}prove{_}recursive{_}function{_}exists
[570]
Overfull \hbox (70.32616pt too wide) in paragraph at lines 26337--26339
\OT1/cmr/m/n/12 but leaves a well-founded or-der-ing to be given. (By con-trast
, []\OT1/cmtt/m/n/10.95 prove_general_recursive_function_exists
 []

Typesetting: PURE{_}REWRITE{_}CONV
[571]
Typesetting: PURE{_}REWRITE{_}RULE
Typesetting: PURE{_}REWRITE{_}TAC
[572]
Underfull \vbox (badness 10000) has occurred while \output is active []

 [573]
Typesetting: PURE{_}SIMP{_}CONV
Typesetting: PURE{_}SIMP{_}RULE
[574]
Typesetting: PURE{_}SIMP{_}TAC
[575]
Typesetting: qmap
[576]
Typesetting: quotexpander
Typesetting: r
[577]
Typesetting: ran
[578]
Typesetting: rand
Typesetting: RAND{_}CONV
[579]
Typesetting: rator
[580]
Typesetting: RATOR{_}CONV
[581]
Typesetting: rat{_}of{_}term
Typesetting: REAL{_}ARITH
[582] [583]
Typesetting: REAL{_}ARITH{_}TAC
[584]
Typesetting: REAL{_}FIELD
Typesetting: real{_}ideal{_}cofactors
[585] [586]
Typesetting: REAL{_}IDEAL{_}CONV
Typesetting: REAL{_}INT{_}ABS{_}CONV
[587]
Typesetting: REAL{_}INT{_}ADD{_}CONV
[588]
Typesetting: REAL{_}INT{_}EQ{_}CONV
[589]
Typesetting: REAL{_}INT{_}GE{_}CONV
Typesetting: REAL{_}INT{_}GT{_}CONV
[590]
Typesetting: REAL{_}INT{_}LE{_}CONV
[591]
Typesetting: REAL{_}INT{_}LT{_}CONV
[592]
Typesetting: REAL{_}INT{_}MUL{_}CONV
Typesetting: REAL{_}INT{_}NEG{_}CONV
[593]
Typesetting: REAL{_}INT{_}POW{_}CONV
[594]
Typesetting: REAL{_}INT{_}RAT{_}CONV
[595]
Typesetting: REAL{_}INT{_}REDUCE{_}CONV
[596]
Typesetting: REAL{_}INT{_}RED{_}CONV
Typesetting: REAL{_}INT{_}SUB{_}CONV
[597]
Typesetting: REAL{_}LET{_}IMP
[598]
Overfull \hbox (4.61885pt too wide) in paragraph at lines 27628--27632
\OT1/cmr/m/n/12 When ap-plied to a the-o-rem []\OT1/cmtt/m/n/10.95 A |- s <= t 
\OT1/cmr/m/n/12 where []\OT1/cmtt/m/n/10.95 s \OT1/cmr/m/n/12 and []\OT1/cmtt/m
/n/10.95 t \OT1/cmr/m/n/12 have type []\OT1/cmtt/m/n/10.95 real\OT1/cmr/m/n/12 
, the rule []\OT1/cmtt/m/n/10.95 REAL_LE_IMP
 []


Overfull \hbox (43.14032pt too wide) in paragraph at lines 27645--27648
\OT1/cmr/m/n/12 Can make tran-si-tiv-ity chain-ing in goals eas-ier, e.g. by []
\OT1/cmtt/m/n/10.95 FIRST_ASSUM(MATCH_MP_TAC o REAL_LE_IMP)\OT1/cmr/m/n/12 . 
 []

Typesetting: REAL{_}LE{_}IMP

Overfull \hbox (4.61885pt too wide) in paragraph at lines 27660--27664
\OT1/cmr/m/n/12 When ap-plied to a the-o-rem []\OT1/cmtt/m/n/10.95 A |- s <= t 
\OT1/cmr/m/n/12 where []\OT1/cmtt/m/n/10.95 s \OT1/cmr/m/n/12 and []\OT1/cmtt/m
/n/10.95 t \OT1/cmr/m/n/12 have type []\OT1/cmtt/m/n/10.95 real\OT1/cmr/m/n/12 
, the rule []\OT1/cmtt/m/n/10.95 REAL_LE_IMP
 []


Overfull \hbox (0.18774pt too wide) in paragraph at lines 27660--27664
\OT1/cmr/m/n/12 re-turns []\OT1/cmtt/m/n/10.95 A |- !x1...xn z. t <= z ==> s <=
 z\OT1/cmr/m/n/12 , where []\OT1/cmtt/m/n/10.95 z \OT1/cmr/m/n/12 is some vari-
able and the []\OT1/cmtt/m/n/10.95 x1,...,xn
 []

[599]
Overfull \hbox (43.14032pt too wide) in paragraph at lines 27677--27680
\OT1/cmr/m/n/12 Can make tran-si-tiv-ity chain-ing in goals eas-ier, e.g. by []
\OT1/cmtt/m/n/10.95 FIRST_ASSUM(MATCH_MP_TAC o REAL_LE_IMP)\OT1/cmr/m/n/12 . 
 []

Typesetting: REAL{_}LINEAR{_}PROVER

Overfull \hbox (251.84451pt too wide) in paragraph at lines 27687--27688
[]\OT1/cmtt/m/n/10.95 REAL_LINEAR_PROVER : (thm list * thm list * thm list -> p
ositivstellensatz -> thm) -> thm list * thm list * thm list -> thm 
 []

[600]
Typesetting: REAL{_}POLY{_}ADD{_}CONV

Overfull \hbox (24.5334pt too wide) in paragraph at lines 27765--27768
\OT1/cmr/m/n/12 More del-i-cate poly-no-mial op-er-a-tions that sim-ply the di-
rect nor-mal-iza-tion with []\OT1/cmtt/m/n/10.95 REAL_POLY_CONV\OT1/cmr/m/n/12 
. 
 []

[601]
Typesetting: REAL{_}POLY{_}CONV
[602]
Typesetting: REAL{_}POLY{_}MUL{_}CONV
[603]
Overfull \hbox (24.5334pt too wide) in paragraph at lines 27876--27879
\OT1/cmr/m/n/12 More del-i-cate poly-no-mial op-er-a-tions that sim-ply the di-
rect nor-mal-iza-tion with []\OT1/cmtt/m/n/10.95 REAL_POLY_CONV\OT1/cmr/m/n/12 
. 
 []

Typesetting: REAL{_}POLY{_}NEG{_}CONV
[604]
Overfull \hbox (26.49171pt too wide) in paragraph at lines 27914--27917
\OT1/cmr/m/n/12 More del-i-cate poly-no-mial op-er-a-tions than sim-ply the di-
rect nor-mal-iza-tion with []\OT1/cmtt/m/n/10.95 REAL_POLY_CONV\OT1/cmr/m/n/12 
. 
 []

Typesetting: REAL{_}POLY{_}POW{_}CONV

Overfull \hbox (24.5334pt too wide) in paragraph at lines 27953--27956
\OT1/cmr/m/n/12 More del-i-cate poly-no-mial op-er-a-tions that sim-ply the di-
rect nor-mal-iza-tion with []\OT1/cmtt/m/n/10.95 REAL_POLY_CONV\OT1/cmr/m/n/12 
. 
 []

[605]
Typesetting: REAL{_}POLY{_}SUB{_}CONV

Overfull \hbox (24.5334pt too wide) in paragraph at lines 27991--27994
\OT1/cmr/m/n/12 More del-i-cate poly-no-mial op-er-a-tions that sim-ply the di-
rect nor-mal-iza-tion with []\OT1/cmtt/m/n/10.95 REAL_POLY_CONV\OT1/cmr/m/n/12 
. 
 []

[606]
Typesetting: REAL{_}RAT{_}ABS{_}CONV
Typesetting: REAL{_}RAT{_}ADD{_}CONV
[607]
Typesetting: REAL{_}RAT{_}DIV{_}CONV
[608]
Typesetting: REAL{_}RAT{_}EQ{_}CONV
[609]
Typesetting: REAL{_}RAT{_}GE{_}CONV
Typesetting: REAL{_}RAT{_}GT{_}CONV
[610]
Typesetting: REAL{_}RAT{_}INV{_}CONV
[611]
Typesetting: REAL{_}RAT{_}LE{_}CONV
[612]
Typesetting: REAL{_}RAT{_}LT{_}CONV
Typesetting: REAL{_}RAT{_}MAX{_}CONV
[613]
Typesetting: REAL{_}RAT{_}MIN{_}CONV
[614]
Typesetting: REAL{_}RAT{_}MUL{_}CONV
[615]
Typesetting: REAL{_}RAT{_}NEG{_}CONV
[616]
Typesetting: REAL{_}RAT{_}POW{_}CONV
Typesetting: REAL{_}RAT{_}REDUCE{_}CONV
[617]
Typesetting: REAL{_}RAT{_}RED{_}CONV
[618]
Overfull \hbox (12.26845pt too wide) in paragraph at lines 28557--28565
\OT1/cmr/m/n/12 When ap-plied to any of the terms []\OT1/cmtt/m/n/10.95 `--c`\O
T1/cmr/m/n/12 , []\OT1/cmtt/m/n/10.95 `inv c`\OT1/cmr/m/n/12 , []\OT1/cmtt/m/n/
10.95 `abs c`\OT1/cmr/m/n/12 , []\OT1/cmtt/m/n/10.95 `c1 + c2`\OT1/cmr/m/n/12 ,
 []\OT1/cmtt/m/n/10.95 `c1 - c2`\OT1/cmr/m/n/12 , []\OT1/cmtt/m/n/10.95 `c1 * c
2`\OT1/cmr/m/n/12 ,
 []


Overfull \hbox (29.96774pt too wide) in paragraph at lines 28557--28565
[]\OT1/cmtt/m/n/10.95 c\OT1/cmr/m/n/12 , []\OT1/cmtt/m/n/10.95 c1 \OT1/cmr/m/n/
12 and []\OT1/cmtt/m/n/10.95 c2 \OT1/cmr/m/n/12 are ra-tio-nal lit-er-als of ty
pe []\OT1/cmtt/m/n/10.95 :real \OT1/cmr/m/n/12 and []\OT1/cmtt/m/n/10.95 n \OT1
/cmr/m/n/12 is a nu-meral of type []\OT1/cmtt/m/n/10.95 :num\OT1/cmr/m/n/12 , [
]\OT1/cmtt/m/n/10.95 REAL_RAT_RED_CONV
 []

Typesetting: REAL{_}RAT{_}SGN{_}CONV
[619]
Typesetting: REAL{_}RAT{_}SUB{_}CONV
[620]
Typesetting: REAL{_}RING
[621] [622]
Typesetting: RECALL{_}ACCEPT{_}TAC

Overfull \hbox (34.77481pt too wide) in paragraph at lines 28785--28789
\OT1/cmr/m/n/12 Given a theorem-producing in-fer-ence rule []\OT1/cmtt/m/n/10.9
5 f \OT1/cmr/m/n/12 and its ar-gu-ment []\OT1/cmtt/m/n/10.95 a\OT1/cmr/m/n/12 ,
 the tac-tic []\OT1/cmtt/m/n/10.95 RECALL_ACCEPT_TAC f a
 []

[623]
Typesetting: REDEPTH{_}CONV
[624]
Typesetting: REDEPTH{_}SQCONV
Typesetting: reduce{_}interface
[625]
Typesetting: refine
Typesetting: REFL
[626]
Typesetting: REFL{_}TAC
[627]
Typesetting: REFUTE{_}THEN
[628]
Typesetting: remark
Typesetting: remove
[629]
Typesetting: remove{_}interface
Typesetting: REMOVE{_}THEN
[630]
Typesetting: remove{_}type{_}abbrev
Typesetting: repeat
[631]
Typesetting: REPEATC
[632]
Typesetting: REPEAT{_}GTCL
[633]
Typesetting: REPEAT{_}TCL
[634]
Typesetting: REPEAT
[635]
Typesetting: replicate
Typesetting: REPLICATE{_}TAC
[636]
Typesetting: report
Typesetting: report{_}timing
[637]
Typesetting: reserved{_}words
[638]
Overfull \hbox (44.89175pt too wide) in paragraph at lines 29503--29503
[]    \OT1/cmtt/m/n/10.95 ["("; ")"; "["; "]"; "{\small\verb%"; "%}"; ":"; ";";
 "."; "|"; "let"; "in"; "and";[] 
 []

Typesetting: reserve{_}words
Typesetting: retypecheck
[639]
Typesetting: rev
Typesetting: reverse{_}interface{_}mapping
[640]
Typesetting: rev{_}assoc
[641]
Typesetting: rev{_}assocd
Typesetting: rev{_}itlist
[642]
Typesetting: rev{_}itlist2
Typesetting: rev{_}splitlist
[643]
Typesetting: REWRITES{_}CONV
[644]
Typesetting: REWRITE{_}CONV

Overfull \hbox (2.5708pt too wide) in paragraph at lines 29815--29818
[]\OT1/cmr/m/n/12 Variants of this con-ver-sion al-low changes in the set of eq
ua-tions used: []\OT1/cmtt/m/n/10.95 PURE_REWRITE_CONV
 []

[645]
Typesetting: REWRITE{_}RULE
[646]
Typesetting: REWRITE{_}TAC
[647] [648]
Typesetting: REWR{_}CONV
[649] [650]
Typesetting: rhs
[651]
Typesetting: rightbin

Overfull \hbox (108.12732pt too wide) in paragraph at lines 30184--30185
[]\OT1/cmtt/m/n/10.95 rightbin : ('a -> 'b * 'c) -> ('c -> 'd * 'a) -> ('d -> '
b -> 'b -> 'b) -> string -> 'a -> 'b * 'c 
 []

[652]
Typesetting: RIGHT{_}BETAS

Overfull \hbox (91.67776pt too wide) in paragraph at lines 30234--30239
\OT1/cmr/m/n/12 Given a list of ar-gu-ments []\OT1/cmtt/m/n/10.95 [`a1`; ...; `
an`] \OT1/cmr/m/n/12 and a the-o-rem of the form []\OT1/cmtt/m/n/10.95 A |- f =
 \x1 ... xn. t[x1,...xn]\OT1/cmr/m/n/12 ,
 []

Typesetting: RING
[653]
Overfull \hbox (320.82877pt too wide) in paragraph at lines 30257--30258
[]\OT1/cmtt/m/n/10.95 RING : (term -> num) * (num -> term) * conv * term * term
 * term * term * term * term * term * thm * thm * (term -> thm) -> term -> thm 

 []

[654]
Underfull \vbox (badness 3503) has occurred while \output is active []

 [655]
Typesetting: RING{_}AND{_}IDEAL{_}CONV

Overfull \hbox (585.2684pt too wide) in paragraph at lines 30364--30365
[]\OT1/cmtt/m/n/10.95 RING_AND_IDEAL_CONV : (term -> num) * (num -> term) * con
v * term * term * term * term * term * term * term * thm * (term -> thm) -> (te
rm -> thm) * (term list -> term -> term list) 
 []

Typesetting: rotate
[656]
Typesetting: RULE{_}ASSUM{_}TAC
Typesetting: search
[657] [658]
Typesetting: SELECT{_}CONV
[659]
Overfull \hbox (167.54913pt too wide) in paragraph at lines 30579--30581
\OT1/cmr/m/n/12 and the re-sult-ing sub-goal is straight-for-ward to prove, e.g
. by []\OT1/cmtt/m/n/10.95 ASM_MESON_TAC[] \OT1/cmr/m/n/12 or []\OT1/cmtt/m/n/1
0.95 EXISTS_TAC `0` THEN ASM_REWRITE_TAC[]\OT1/cmr/m/n/12 . 
 []

Typesetting: SELECT{_}ELIM{_}TAC
[660]
Typesetting: SELECT{_}RULE
[661]
Typesetting: self{_}destruct
[662]
Typesetting: SEMIRING{_}NORMALIZERS{_}CONV
[663]
Overfull \hbox (694.49347pt too wide) in paragraph at lines 30765--30766
[]\OT1/cmtt/m/n/10.95 SEMIRING_NORMALIZERS_CONV : thm -> thm -> (term -> bool) 
* conv * conv * conv -> (term -> term -> bool) -> (term -> thm) * (term -> thm)
 * (term -> thm) * (term -> thm) * (term -> thm) * (term -> thm) 
 []

[664]
Overfull \hbox (39.11157pt too wide) in paragraph at lines 30824--30829
\OT1/cmr/m/n/12 There are al-ready in-stan-ti-a-tions of the main nor-mal-izer 
for nat-u-ral num-bers ([]\OT1/cmtt/m/n/10.95 NUM_NORMALIZE_CONV\OT1/cmr/m/n/12
 )
 []

[665]
Typesetting: SEQ{_}IMP{_}REWRITE{_}TAC
[666]
Overfull \hbox (21.897pt too wide) in paragraph at lines 30901--30901
[]  \OT1/cmtt/m/n/10.95 # e(SEQ_IMP_REWRITE_TAC[REAL_DIV_REFL;REAL_MUL_LID;REAL
_SUB_0; REAL_LT_IMP_NE]);;[] 
 []

Typesetting: setify
[667]
Typesetting: set{_}basic{_}congs
[668]
Typesetting: set{_}basic{_}convs

Overfull \hbox (35.38661pt too wide) in paragraph at lines 30997--31000
\OT1/cmr/m/n/12 Normally, users will only want to ex-tend the ex-ist-ing set of
 con-ver-sions us-ing []\OT1/cmtt/m/n/10.95 extend_basic_convs\OT1/cmr/m/n/12 .
 
 []

Typesetting: set{_}basic{_}rewrites
[669]
Typesetting: set{_}eq
Typesetting: set{_}goal
[670] [671]
Typesetting: SET{_}RULE
Typesetting: SET{_}TAC

Underfull \vbox (badness 5316) has occurred while \output is active []

 [672]
Typesetting: shareout
[673]
Typesetting: SIMPLE{_}CHOOSE
[674]
Typesetting: SIMPLE{_}DISJ{_}CASES
[675]
Typesetting: SIMPLE{_}EXISTS
Typesetting: SIMPLIFY{_}CONV
[676]
Overfull \hbox (8.96202pt too wide) in paragraph at lines 31338--31345
\OT1/cmr/m/n/12 In their max-i-mal gen-er-al-ity, sim-pli-fi-ca-tion op-er-a-ti
ons in HOL Light (as in-voked by []\OT1/cmtt/m/n/10.95 SIMP_TAC\OT1/cmr/m/n/12 
)
 []

Typesetting: SIMP{_}CONV

Overfull \hbox (35.98393pt too wide) in paragraph at lines 31370--31383
[]\OT1/cmr/m/n/12 The the-o-rems are first split up into in-di-vid-ual rewrite 
rules, ei-ther con-di-tional ([]\OT1/cmtt/m/n/10.95 |- c ==> l = r\OT1/cmr/m/n/
12 )
 []

[677]
Typesetting: SIMP{_}RULE
[678]
Typesetting: SIMP{_}TAC

Overfull \hbox (6.82393pt too wide) in paragraph at lines 31454--31457
\OT1/cmr/m/n/12 To add the as-sump-tions of the goal to the rewrites, use []\OT
1/cmtt/m/n/10.95 ASM_SIMP_TAC \OT1/cmr/m/n/12 (or just []\OT1/cmtt/m/n/10.95 AS
M SIMP_TAC\OT1/cmr/m/n/12 ). 
 []

Typesetting: SKOLEM{_}CONV
[679] [680]
Typesetting: some
Typesetting: sort
[681] [682]
Typesetting: SPEC
Typesetting: SPECL
[683]
Typesetting: SPEC{_}ALL
[684]
Typesetting: SPEC{_}TAC
[685]
Typesetting: SPEC{_}VAR
Typesetting: splitlist
[686]
Typesetting: ss{_}of{_}congs
[687]
Overfull \hbox (8.96202pt too wide) in paragraph at lines 31853--31861
\OT1/cmr/m/n/12 In their max-i-mal gen-er-al-ity, sim-pli-fi-ca-tion op-er-a-ti
ons in HOL Light (as in-voked by []\OT1/cmtt/m/n/10.95 SIMP_TAC\OT1/cmr/m/n/12 
)
 []


Overfull \hbox (21.17667pt too wide) in paragraph at lines 31853--31861
\OT1/cmr/m/n/12 prover on the con-di-tions and how to pro-cess the-o-rems into 
rewrites. A call []\OT1/cmtt/m/n/10.95 ss_of_congs thl ss
 []

Typesetting: ss{_}of{_}conv

Overfull \hbox (8.96202pt too wide) in paragraph at lines 31877--31885
\OT1/cmr/m/n/12 In their max-i-mal gen-er-al-ity, sim-pli-fi-ca-tion op-er-a-ti
ons in HOL Light (as in-voked by []\OT1/cmtt/m/n/10.95 SIMP_TAC\OT1/cmr/m/n/12 
)
 []


Overfull \hbox (38.42273pt too wide) in paragraph at lines 31877--31885
\OT1/cmr/m/n/12 prover on the con-di-tions and how to pro-cess the-o-rems into 
rewrites. A call []\OT1/cmtt/m/n/10.95 ss_of_conv pat cnv ss
 []

[688]
Typesetting: ss{_}of{_}maker

Overfull \hbox (8.96202pt too wide) in paragraph at lines 31909--31919
\OT1/cmr/m/n/12 In their max-i-mal gen-er-al-ity, sim-pli-fi-ca-tion op-er-a-ti
ons in HOL Light (as in-voked by []\OT1/cmtt/m/n/10.95 SIMP_TAC\OT1/cmr/m/n/12 
)
 []


Overfull \hbox (32.67404pt too wide) in paragraph at lines 31909--31919
\OT1/cmr/m/n/12 prover on the con-di-tions and how to pro-cess the-o-rems into 
rewrites. A call []\OT1/cmtt/m/n/10.95 ss_of_maker maker ss
 []

Typesetting: ss{_}of{_}prover
[689]
Overfull \hbox (8.96202pt too wide) in paragraph at lines 31935--31944
\OT1/cmr/m/n/12 In their max-i-mal gen-er-al-ity, sim-pli-fi-ca-tion op-er-a-ti
ons in HOL Light (as in-voked by []\OT1/cmtt/m/n/10.95 SIMP_TAC\OT1/cmr/m/n/12 
)
 []

Typesetting: ss{_}of{_}provers

Overfull \hbox (8.96202pt too wide) in paragraph at lines 31960--31968
\OT1/cmr/m/n/12 In their max-i-mal gen-er-al-ity, sim-pli-fi-ca-tion op-er-a-ti
ons in HOL Light (as in-voked by []\OT1/cmtt/m/n/10.95 SIMP_TAC\OT1/cmr/m/n/12 
)
 []


Overfull \hbox (32.67404pt too wide) in paragraph at lines 31960--31968
\OT1/cmr/m/n/12 prover on the con-di-tions and how to pro-cess the-o-rems into 
rewrites. A call []\OT1/cmtt/m/n/10.95 ss_of_provers prs ss
 []

Typesetting: ss{_}of{_}thms
[690]
Overfull \hbox (8.96202pt too wide) in paragraph at lines 31984--31992
\OT1/cmr/m/n/12 In their max-i-mal gen-er-al-ity, sim-pli-fi-ca-tion op-er-a-ti
ons in HOL Light (as in-voked by []\OT1/cmtt/m/n/10.95 SIMP_TAC\OT1/cmr/m/n/12 
)
 []


Overfull \hbox (15.42798pt too wide) in paragraph at lines 31984--31992
\OT1/cmr/m/n/12 prover on the con-di-tions and how to pro-cess the-o-rems into 
rewrites. A call []\OT1/cmtt/m/n/10.95 ss_of_thms thl ss
 []

Typesetting: startup{_}banner
[691]
Typesetting: strings{_}of{_}file
Typesetting: STRING{_}EQ{_}CONV

Underfull \vbox (badness 1609) has occurred while \output is active []

 [692]
Typesetting: string{_}of{_}file
[693]
Typesetting: string{_}of{_}term
[694]
Typesetting: string{_}of{_}thm

Overfull \hbox (10.39963pt too wide) in paragraph at lines 32212--32212
[]    \OT1/cmtt/m/n/10.95 "|- (!n. 0 + n = n) /\\\n   (!m. m + 0 = m) /\\\n   (
!m n. SUC m + n = SUC (m[] 
 []

[695]
Typesetting: string{_}of{_}type
Typesetting: striplist
[696]
Typesetting: strip{_}abs
Typesetting: STRIP{_}ASSUME{_}TAC
[697] [698]
Typesetting: strip{_}comb
[699]
Typesetting: strip{_}exists
Typesetting: strip{_}forall
[700]
Typesetting: strip{_}gabs
Typesetting: STRIP{_}GOAL{_}THEN
[701]
Underfull \vbox (badness 6477) has occurred while \output is active []

 [702]
Typesetting: strip{_}ncomb
[703]
Typesetting: STRIP{_}TAC
[704] [705]
Typesetting: STRIP{_}THM{_}THEN
[706]
Typesetting: STRUCT{_}CASES{_}TAC
[707]
Underfull \vbox (badness 10000) has occurred while \output is active []

 [708]
Typesetting: STRUCT{_}CASES{_}THEN
[709]
Typesetting: SUBGOAL{_}TAC
[710]
Typesetting: SUBGOAL{_}THEN
[711]
Overfull \hbox (2.21294pt too wide) in paragraph at lines 33013--33017
\OT1/cmr/m/n/12 Consider the proof of the Knaster-Tarski fix-point the-o-rem, t
o be found in []\OT1/cmtt/m/n/10.95 Library/card.ml\OT1/cmr/m/n/12 .
 []

[712]
Overfull \vbox (209.41331pt too high) has occurred while \output is active []


[713]
Typesetting: SUBLET{_}CONV

Overfull \hbox (211.6037pt too wide) in paragraph at lines 33150--33150
[]\OT1/cmtt/m/n/10.95 \noindent where applying {\small\verb%conv%} to {\small\v
erb%ti%} results in the theorem {\small\verb%|- ti = ti'%}.[] 
 []


Overfull \hbox (211.6037pt too wide) in paragraph at lines 33150--33150
[]\OT1/cmtt/m/n/10.95 {\small\verb%SUBLET_CONV conv tm%} fails if {\small\verb%
tm%} is not a {\small\verb%let%}-term, or if the conversion[] 
 []

Typesetting: SUBS

Underfull \vbox (badness 10000) has occurred while \output is active []

 [714]
[715]
Typesetting: subset
[716]
Typesetting: subst
[717]
Typesetting: SUBST1{_}TAC
[718]
Typesetting: SUBST{_}ALL{_}TAC
[719]
Overfull \hbox (41.33142pt too wide) in paragraph at lines 33368--33375
\OT1/cmr/m/n/12 fixed. Given a the-o-rem []\OT1/cmtt/m/n/10.95 A |- u = v \OT1/
cmr/m/n/12 and a goal []\OT1/cmtt/m/n/10.95 ([A1;...;An] ?-  t)\OT1/cmr/m/n/12 
, []\OT1/cmtt/m/n/10.95 SUBST_ALL_TAC (A |- u = v)
 []

Typesetting: SUBST{_}VAR{_}TAC

Underfull \vbox (badness 10000) has occurred while \output is active []

 [720]
[721]
Typesetting: SUBS{_}CONV
Typesetting: subtract
[722]
Typesetting: subtract'
[723]
Typesetting: SUB{_}CONV
[724]
Typesetting: SYM
[725]
Typesetting: SYM{_}CONV
Typesetting: TAC{_}PROOF
[726]
Typesetting: TARGET{_}REWRITE{_}TAC

Overfull \hbox (137.02429pt too wide) in paragraph at lines 33715--33729
[]\OT1/cmtt/m/n/10.95 !x_1... x_n. P ==> !y_1... y_m. l = r\OT1/cmr/m/n/12 , an
d a the-o-rem []\OT1/cmtt/m/n/10.95 uh \OT1/cmr/m/n/12 of the form []\OT1/cmtt/
m/n/10.95 !x_1... x_n. Q ==> !y_1... y_m. l' = r'\OT1/cmr/m/n/12 ,
 []


Overfull \hbox (32.08722pt too wide) in paragraph at lines 33730--33738
[]\OT1/cmtt/m/n/10.95 REWRITE_TAC\OT1/cmr/m/n/12 , all such sub-terms are rewri
t-ten si-mul-ta-ne-ously; whereas, with []\OT1/cmtt/m/n/10.95 TARGET_REWRITE_TA
C\OT1/cmr/m/n/12 ,
 []

[727]
Underfull \vbox (badness 10000) has occurred while \output is active []

 [728]
Overfull \hbox (21.897pt too wide) in paragraph at lines 33797--33797
[]  \OT1/cmtt/m/n/10.95 |- !z. &0 <= Arg z /\ Arg z < &2 * pi /\ z = Cx (norm z
) * cexp (ii * Cx (Arg z))[] 
 []

[729]
Typesetting: TAUT
[730]
Typesetting: temp{_}path
Typesetting: term{_}match
[731] [732]
Typesetting: term{_}of{_}preterm
Typesetting: term{_}of{_}rat
[733]
Typesetting: term{_}order
[734]
Typesetting: term{_}type{_}unify
Typesetting: term{_}unify
[735]
Typesetting: term{_}union
[736]
Typesetting: THEN
[737]
Typesetting: THENC
[738]
Typesetting: thenc{_}
Typesetting: THENL
[739] [740]
Typesetting: thenl{_}
Typesetting: then{_}
Typesetting: THEN{_}TCL
[741]
Typesetting: then{_}tcl{_}
Typesetting: theorems
[742]
Typesetting: the{_}definitions
[743]
Typesetting: the{_}implicit{_}types
[744]
Underfull \vbox (badness 4036) has occurred while \output is active []

 [745]
Typesetting: the{_}inductive{_}definitions

Overfull \hbox (50.64044pt too wide) in paragraph at lines 34589--34589
[]      \OT1/cmtt/m/n/10.95 |- !FINITE'. FINITE' {\small\verb%%} /\ (!x s. FINI
TE' s ==> FINITE' (x INSERT s))[] 
 []


Overfull \hbox (33.39438pt too wide) in paragraph at lines 34589--34589
[]      \OT1/cmtt/m/n/10.95 |- !a. FINITE a <=> a = {\small\verb%%} \/ (?x s. a
 = x INSERT s /\ FINITE s));[] 
 []

[746]
Typesetting: the{_}inductive{_}types
Typesetting: the{_}interface
Typesetting: the{_}overload{_}skeletons
[747]
Overfull \hbox (7.26065pt too wide) in paragraph at lines 34647--34657
\OT1/cmr/m/n/12 the choice be-ing de-ter-mined by types and/or an or-der of pri
-or-ity (see []\OT1/cmtt/m/n/10.95 prioritize_overload\OT1/cmr/m/n/12 ).
 []

Typesetting: the{_}specifications
[748]
Typesetting: the{_}type{_}definitions
[749]
Typesetting: thm{_}frees
Typesetting: time
[750]
Typesetting: tl
[751]
Typesetting: TOP{_}DEPTH{_}CONV
[752]
Typesetting: TOP{_}DEPTH{_}SQCONV
[753]
Typesetting: top{_}goal
Typesetting: top{_}realgoal
[754]
Typesetting: TOP{_}SWEEP{_}CONV
Typesetting: TOP{_}SWEEP{_}SQCONV

Underfull \vbox (badness 5431) has occurred while \output is active []

 [755]
Typesetting: top{_}thm
[756]
Typesetting: TRANS
[757]
Typesetting: TRANS{_}TAC
[758]
Typesetting: TRY
[759]
Typesetting: tryapplyd
[760]
Typesetting: tryfind
Typesetting: TRY{_}CONV
[761]
Typesetting: try{_}user{_}parser
[762]
Typesetting: try{_}user{_}printer

Overfull \hbox (40.57779pt too wide) in paragraph at lines 35316--35323
[]\OT1/cmtt/m/n/10.95 try_user_printer fmt tm \OT1/cmr/m/n/12 at-tempts all in-
stalled user print-ers on the term []\OT1/cmtt/m/n/10.95 tm \OT1/cmr/m/n/12 in 
an implementation-
 []


Overfull \hbox (10.45937pt too wide) in paragraph at lines 35328--35331
\OT1/cmr/m/n/12 After in-stalling the printer for vari-ables with types in the 
ex-am-ple for []\OT1/cmtt/m/n/10.95 install_user_printer\OT1/cmr/m/n/12 ,
 []

Typesetting: types
[763]
Typesetting: type{_}abbrevs
Typesetting: type{_}invention{_}error
[764]
Typesetting: type{_}invention{_}warning
[765] [766]
Typesetting: type{_}match

Overfull \hbox (79.38388pt too wide) in paragraph at lines 35515--35516
[]\OT1/cmtt/m/n/10.95 type_match : hol_type -> hol_type -> (hol_type * hol_type
) list -> (hol_type * hol_type) list 
 []

[767]
Typesetting: type{_}of
Typesetting: type{_}of{_}pretype
[768]
Typesetting: type{_}subst
[769]
Typesetting: type{_}unify

Overfull \hbox (79.38388pt too wide) in paragraph at lines 35628--35629
[]\OT1/cmtt/m/n/10.95 type_unify : hol_type -> hol_type -> (hol_type * hol_type
) list -> (hol_type * hol_type) list 
 []

Typesetting: type{_}vars{_}in{_}term
[770]
Typesetting: typify{_}universal{_}set
[771]
Typesetting: tysubst
Typesetting: tyvars
[772]
Typesetting: uncurry
Typesetting: undefine
[773]
Typesetting: undefined
[774]
Typesetting: UNDISCH
Typesetting: UNDISCH{_}ALL
[775]
Typesetting: UNDISCH{_}TAC
[776]
Typesetting: UNDISCH{_}THEN

Overfull \hbox (5.90631pt too wide) in paragraph at lines 35973--35976
\OT1/cmr/m/n/12 The tac-tic []\OT1/cmtt/m/n/10.95 UNDISCH_TAC `t` \OT1/cmr/m/n/
12 can be con-sid-ered the spe-cial case of []\OT1/cmtt/m/n/10.95 UNDISCH_THEN 
`t` MP_TAC\OT1/cmr/m/n/12 . 
 []

Typesetting: unhide{_}constant
[777]
Typesetting: UNIFY{_}ACCEPT{_}TAC

Overfull \hbox (251.84451pt too wide) in paragraph at lines 36007--36008
[]\OT1/cmtt/m/n/10.95 UNIFY_ACCEPT_TAC : term list -> thm -> 'a * term -> ('b l
ist * instantiation) * 'c list * (instantiation -> 'd list -> thm) 
 []

[778] [779]
Typesetting: union
Typesetting: unions
[780]
Typesetting: unions'
Typesetting: union'
[781]
Typesetting: uniq
Typesetting: unparse{_}as{_}binder
[782]
Typesetting: unparse{_}as{_}infix
[783]
Typesetting: unparse{_}as{_}prefix
Typesetting: unreserve{_}words
[784]
Typesetting: unspaced{_}binops
[785]
Typesetting: UNWIND{_}CONV
Typesetting: unzip
[786]
Typesetting: use{_}file
[787]
Typesetting: use{_}file{_}raise{_}failure

Underfull \vbox (badness 1158) has occurred while \output is active []

 [788]
Typesetting: USE{_}THEN
[789]
Typesetting: VALID
[790]
Typesetting: variables
Typesetting: variant
[791]
Typesetting: variants
[792]
Typesetting: verbose
Typesetting: vfree{_}in

Underfull \vbox (badness 2205) has occurred while \output is active []

 [793]
[794]
Typesetting: vsubst
[795]
Typesetting: W
[796]
Typesetting: warn

Overfull \hbox (1.84279pt too wide) in paragraph at lines 36879--36883
\OT1/cmr/m/n/12 When ap-plied to a boolean value []\OT1/cmtt/m/n/10.95 b \OT1/c
mr/m/n/12 and a string []\OT1/cmtt/m/n/10.95 s\OT1/cmr/m/n/12 , the call []\OT1
/cmtt/m/n/10.95 warn b s \OT1/cmr/m/n/12 prints out ``[]\OT1/cmtt/m/n/10.95 War
ning: s\OT1/cmr/m/n/12 ''
 []

Typesetting: WEAK{_}CNF{_}CONV
[797]
Typesetting: WEAK{_}DNF{_}CONV
[798]
Typesetting: WF{_}INDUCT{_}TAC

Overfull \hbox (16.14832pt too wide) in paragraph at lines 37029--37029
[]             \OT1/cmtt/m/n/10.95 ==> (!d. d divides egcd (m'',n') <=> d divid
es m'' /\ d divides n')`][] 
 []

[799]
Typesetting: X{_}CHOOSE{_}TAC
[800]
Typesetting: X{_}CHOOSE{_}THEN
[801] [802]
Typesetting: X{_}GEN{_}TAC
Typesetting: X{_}META{_}EXISTS{_}TAC
[803]
Typesetting: zip
[804]) [805]
\openout2 = `theorems-intro.aux'.

 (./theorems-intro.tex [806



]
Chapter 2.
) [807]
\openout2 = `theorems.aux'.

 (./theorems.tex [808


] [809] [810] [811]
Overfull \hbox (1.63124pt too wide) in paragraph at lines 224--224
 []  \OT1/cmtt/m/n/10.95 |- (A ==> B) /\ (C ==> D) ==> (if b then A else C) ==>
 (if b then B else D) 
 []

[812] [813] [814] [815] [816] [817] [818] [819] [820] [821] [822] [823]
[824] [825] [826] [827] [828] [829] [830] [831] [832] [833] [834] [835]
[836] [837] [838]
Overfull \hbox (1.63124pt too wide) in paragraph at lines 1456--1456
 []  \OT1/cmtt/m/n/10.95 |- (!f. MAP f [] = []) /\ (!f h t. MAP f (CONS h t) = 
CONS (f h) (MAP f t)) 
 []

[839]
Overfull \hbox (1.63124pt too wide) in paragraph at lines 1543--1543
 []  \OT1/cmtt/m/n/10.95 |- ZIP [] l2 = [] /\ ZIP (CONS h1 t1) l2 = CONS (h1,HD
 l2) (ZIP t1 (TL l2)) 
 []

[840]
Overfull \hbox (1.63124pt too wide) in paragraph at lines 1553--1553
 []         \OT1/cmtt/m/n/10.95 ?fn. fn [] = NIL' /\ (!a0 a1. fn (CONS a0 a1) =
 CONS' a0 a1 (fn a1)) 
 []

[841] [842] [843] [844] [845] [846] [847] [848] [849] [850] [851] [852]
[853] [854] [855] [856] [857] [858] [859] [860] [861] [862] [863] [864]
[865] [866] [867] [868] [869] [870] [871] [872] [873] [874] [875]
Overfull \hbox (1.63124pt too wide) in paragraph at lines 3220--3220
 []             \OT1/cmtt/m/n/10.95 {f | (!x. x IN s ==> f x IN t) /\ (!x. ~(x 
IN s) ==> f x = d)} = 
 []

[876] [877] [878] [879] [880] [881]
Overfull \hbox (18.8773pt too wide) in paragraph at lines 3490--3490
 []         \OT1/cmtt/m/n/10.95 (?f. (!i j. i IN 1..CARD s /\ j IN 1..CARD s /\
 f i = f j ==> i = j) /\ 
 []

[882] [883]
Overfull \hbox (13.12862pt too wide) in paragraph at lines 3615--3615
 []                           \OT1/cmtt/m/n/10.95 ==> (?w. FINREC f b (s DELETE
 x) w n /\ z = f x w))) 
 []

[884]
Overfull \hbox (41.87206pt too wide) in paragraph at lines 3664--3664
 []         \OT1/cmtt/m/n/10.95 ==> {f | (!x. x IN s ==> f x IN t) /\ (!x. ~(x 
IN s) ==> f x = d)} HAS_SIZE 
 []

[885] [886] [887] [888] [889] [890]
Overfull \hbox (1.63124pt too wide) in paragraph at lines 3942--3942
 []                   \OT1/cmtt/m/n/10.95 ==> g (x INSERT s) = (if x IN s then 
g s else f x (g s)))) 
 []

[891] [892] [893]
Overfull \hbox (1.63124pt too wide) in paragraph at lines 4050--4050
 []  \OT1/cmtt/m/n/10.95 |- !l1 l2. set_of_list (APPEND l1 l2) = set_of_list l1
 UNION set_of_list l2 
 []

[894] [895] [896] [897] [898]
Overfull \hbox (1.63124pt too wide) in paragraph at lines 4293--4293
 []                   \OT1/cmtt/m/n/10.95 ==> op (f a) (iterate op (s DELETE a)
 f) = iterate op s f) 
 []

[899] [900]
Overfull \hbox (1.63124pt too wide) in paragraph at lines 4361--4361
 []                       \OT1/cmtt/m/n/10.95 iterate op {i,j | i IN s /\ j IN 
t i} (\(i,j). x i j)) 
 []

[901]
Overfull \hbox (1.63124pt too wide) in paragraph at lines 4439--4439
 []  \OT1/cmtt/m/n/10.95 |- !s f b. FINITE s /\ (!x. x IN s ==> f x <= b) ==> n
sum s f <= CARD s * b 
 []

[902] [903] [904]
Overfull \hbox (1.63124pt too wide) in paragraph at lines 4544--4544
 []         \OT1/cmtt/m/n/10.95 ==> nsum s g = nsum (IMAGE f s) (\y. nsum {x | 
x IN s /\ f x = y} g) 
 []


Overfull \hbox (1.63124pt too wide) in paragraph at lines 4554--4554
 []  \OT1/cmtt/m/n/10.95 |- !f g s. FINITE s /\ (!x. x IN s ==> f x <= g x) ==>
 nsum s f <= nsum s g 
 []


Overfull \hbox (1.63124pt too wide) in paragraph at lines 4567--4567
 []         \OT1/cmtt/m/n/10.95 FINITE s /\ (!x. x IN s ==> f x <= g x) /\ (?x.
 x IN s /\ f x < g x) 
 []

[905]
Overfull \hbox (1.63124pt too wide) in paragraph at lines 4615--4615
 []         \OT1/cmtt/m/n/10.95 ==> nsum {x | x IN s /\ P x} f = nsum s (\x. if
 P x then f x else 0) 
 []

[906] [907] [908] [909]
Overfull \hbox (1.63124pt too wide) in paragraph at lines 4793--4793
 []         \OT1/cmtt/m/n/10.95 (!i. m <= i /\ i <= n ==> f i = g i) ==> sum (m
..n) f = sum (m..n) g 
 []

[910]
Overfull \hbox (1.63124pt too wide) in paragraph at lines 4834--4834
 []         \OT1/cmtt/m/n/10.95 FINITE s /\ (!x. x IN s ==> f x <= g x) /\ (?x.
 x IN s /\ f x < g x) 
 []

[911] [912] [913]
Overfull \hbox (18.8773pt too wide) in paragraph at lines 4985--4985
 []     \OT1/cmtt/m/n/10.95 (!f s t. support op f (s UNION t) = support op f s 
UNION support op f t) /\ 
 []


Overfull \hbox (18.8773pt too wide) in paragraph at lines 4985--4985
 []     \OT1/cmtt/m/n/10.95 (!f s t. support op f (s INTER t) = support op f s 
INTER support op f t) /\ 
 []


Overfull \hbox (7.37993pt too wide) in paragraph at lines 4985--4985
 []     \OT1/cmtt/m/n/10.95 (!f s t. support op f (s DIFF t) = support op f s D
IFF support op f t) /\ 
 []

[914] [915] [916]
Overfull \hbox (1.63124pt too wide) in paragraph at lines 5126--5126
 []  \OT1/cmtt/m/n/10.95 |- (!a. mk_cart (dest_cart a) = a) /\ (!r. T <=> dest_
cart (mk_cart r) = r) 
 []

[917]
Overfull \hbox (7.37993pt too wide) in paragraph at lines 5152--5152
 []         \OT1/cmtt/m/n/10.95 (lambda i. if i <= dimindex (:M) then f$i else 
g$(i - dimindex (:M))) 
 []

) [918]
\openout2 = `index.aux'.


No file index.tex.
(./reference.aux (./title.aux) (./preface.aux) (./ack.aux) (./entries-intro.aux
) (./entries.aux) (./theorems-intro.aux) (./theorems.aux) (./index.aux)) ) 
Here is how much of TeX's memory you used:
 1050 strings out of 483107
 13517 string characters out of 5964631
 251316 words of memory out of 5000000
 16023 multiletter control sequences out of 15000+600000
 552318 words of font info for 98 fonts, out of 8000000 for 9000
 59 hyphenation exceptions out of 8191
 25i,9n,29p,321b,325s stack positions out of 5000i,500n,10000p,200000b,80000s
 </ho
me/aqjune/.texlive2019/texmf-var/fonts/pk/ljfour/jknappen/ec/tcrm1200.600pk></u
sr/share/texlive/texmf-dist/fonts/type1/public/amsfonts/cm/cmbx10.pfb></usr/sha
re/texlive/texmf-dist/fonts/type1/public/amsfonts/cm/cmbx12.pfb></usr/share/tex
live/texmf-dist/fonts/type1/public/amsfonts/cm/cmmi12.pfb></usr/share/texlive/t
exmf-dist/fonts/type1/public/amsfonts/cm/cmmi8.pfb></usr/share/texlive/texmf-di
st/fonts/type1/public/amsfonts/cm/cmr10.pfb></usr/share/texlive/texmf-dist/font
s/type1/public/amsfonts/cm/cmr12.pfb></usr/share/texlive/texmf-dist/fonts/type1
/public/amsfonts/cm/cmr8.pfb></usr/share/texlive/texmf-dist/fonts/type1/public/
amsfonts/cm/cmsl10.pfb></usr/share/texlive/texmf-dist/fonts/type1/public/amsfon
ts/cm/cmsl12.pfb></usr/share/texlive/texmf-dist/fonts/type1/public/amsfonts/cm/
cmsy10.pfb></usr/share/texlive/texmf-dist/fonts/type1/public/amsfonts/cm/cmti12
.pfb></usr/share/texlive/texmf-dist/fonts/type1/public/amsfonts/cm/cmtt10.pfb><
/usr/share/texlive/texmf-dist/fonts/type1/public/amsfonts/cm/cmtt12.pfb>
Output written on reference.pdf (926 pages, 1409560 bytes).
PDF statistics:
 3046 PDF objects out of 3580 (max. 8388607)
 2083 compressed objects within 21 object streams
 0 named destinations out of 1000 (max. 500000)
 1 words of extra memory for PDF output out of 10000 (max. 10000000)

